Subprocess exited with error code 10
Error output generated by subprocess:
Subprocess exited with error code 10
Using run time directory XSCHEM_SHAREDIR = /home/subhransu/cad/eda-xschem/glnxa64/share/xschem
Error output generated by subprocess:
Sourcing /home/subhransu/cad/eda-xschem/glnxa64/share/xschem/xschemrc init file
Using run time directory XSCHEM_SHAREDIR = /home/subhransu/cad/eda-xschem/glnxa64/share/xschem
Sourcing /home/subhransu/share/pdk/gf180mcuD/libs.tech/xschem/xschemrc init file
Sourcing /home/subhransu/cad/eda-xschem/glnxa64/share/xschem/xschemrc init file
pdk installation: using /home/subhransu/share/pdk
Sourcing /home/subhransu/share/pdk/gf180mcuD/libs.tech/xschem/xschemrc init file
180MCU_MODELS: /home/subhransu/share/pdk/gf180mcuD/libs.tech/ngspice
pdk installation: using /home/subhransu/share/pdk
-----------/home/subhransu/gitRepo/gf180mcu_ocd_io-sdas/runs/RUN_2026-01-12_05-54-43/parameters/transient_response/run_0/io_inv_1_tran.sch
180MCU_MODELS: /home/subhransu/share/pdk/gf180mcuD/libs.tech/ngspice
Warning: open net: IN
setup_tcp_bespice: success : listening to TCP port: 2022
Error: undriven node: Vin
-----------/home/subhransu/gitRepo/gf180mcu_ocd_io-sdas/runs/RUN_2026-01-12_05-54-43/parameters/dc_response/run_0/io_inv_1_dc.sch
-----------/home/subhransu/gitRepo/gf180mcu_ocd_io-sdas/runs/RUN_2026-01-12_05-54-43/parameters/transient_response/run_0/io_inv_1_tran.sch
Warning: open net: IN
Error: undriven node: Vin
-----------/home/subhransu/gitRepo/gf180mcu_ocd_io-sdas/runs/RUN_2026-01-12_05-54-43/parameters/dc_response/run_0/io_inv_1_dc.sch
Subprocess exited with error code 10
Error output generated by subprocess:
Subprocess exited with error code 10
Using run time directory XSCHEM_SHAREDIR = /home/subhransu/cad/eda-xschem/glnxa64/share/xschem
Error output generated by subprocess:
Sourcing /home/subhransu/cad/eda-xschem/glnxa64/share/xschem/xschemrc init file
Using run time directory XSCHEM_SHAREDIR = /home/subhransu/cad/eda-xschem/glnxa64/share/xschem
Sourcing /home/subhransu/share/pdk/gf180mcuD/libs.tech/xschem/xschemrc init file
Sourcing /home/subhransu/cad/eda-xschem/glnxa64/share/xschem/xschemrc init file
pdk installation: using /home/subhransu/share/pdk
Sourcing /home/subhransu/share/pdk/gf180mcuD/libs.tech/xschem/xschemrc init file
180MCU_MODELS: /home/subhransu/share/pdk/gf180mcuD/libs.tech/ngspice
pdk installation: using /home/subhransu/share/pdk
setup_tcp_bespice: success : listening to TCP port: 2022
180MCU_MODELS: /home/subhransu/share/pdk/gf180mcuD/libs.tech/ngspice
-----------/home/subhransu/gitRepo/gf180mcu_ocd_io-sdas/runs/RUN_2026-01-12_05-54-43/parameters/dc_response/run_1/io_inv_1_dc.sch
-----------/home/subhransu/gitRepo/gf180mcu_ocd_io-sdas/runs/RUN_2026-01-12_05-54-43/parameters/transient_response/run_1/io_inv_1_tran.sch
Warning: open net: IN
Warning: open net: IN
Error: undriven node: Vin
Error: undriven node: Vin
-----------/home/subhransu/gitRepo/gf180mcu_ocd_io-sdas/runs/RUN_2026-01-12_05-54-43/parameters/dc_response/run_1/io_inv_1_dc.sch
-----------/home/subhransu/gitRepo/gf180mcu_ocd_io-sdas/runs/RUN_2026-01-12_05-54-43/parameters/transient_response/run_1/io_inv_1_tran.sch
Subprocess exited with error code 10
Error output generated by subprocess:
Using run time directory XSCHEM_SHAREDIR = /home/subhransu/cad/eda-xschem/glnxa64/share/xschem
Sourcing /home/subhransu/cad/eda-xschem/glnxa64/share/xschem/xschemrc init file
Subprocess exited with error code 10
Sourcing /home/subhransu/share/pdk/gf180mcuD/libs.tech/xschem/xschemrc init file
Error output generated by subprocess:
pdk installation: using /home/subhransu/share/pdk
Using run time directory XSCHEM_SHAREDIR = /home/subhransu/cad/eda-xschem/glnxa64/share/xschem
180MCU_MODELS: /home/subhransu/share/pdk/gf180mcuD/libs.tech/ngspice
Sourcing /home/subhransu/cad/eda-xschem/glnxa64/share/xschem/xschemrc init file
setup_tcp_bespice: success : listening to TCP port: 2022
Sourcing /home/subhransu/share/pdk/gf180mcuD/libs.tech/xschem/xschemrc init file
-----------/home/subhransu/gitRepo/gf180mcu_ocd_io-sdas/runs/RUN_2026-01-12_05-54-43/parameters/dc_response/run_2/io_inv_1_dc.sch
pdk installation: using /home/subhransu/share/pdk
Warning: open net: IN
180MCU_MODELS: /home/subhransu/share/pdk/gf180mcuD/libs.tech/ngspice
Error: undriven node: Vin
setup_tcp_bespice: success : listening to TCP port: 2022
-----------/home/subhransu/gitRepo/gf180mcu_ocd_io-sdas/runs/RUN_2026-01-12_05-54-43/parameters/dc_response/run_2/io_inv_1_dc.sch
-----------/home/subhransu/gitRepo/gf180mcu_ocd_io-sdas/runs/RUN_2026-01-12_05-54-43/parameters/transient_response/run_2/io_inv_1_tran.sch
Warning: open net: IN
Error: undriven node: Vin
-----------/home/subhransu/gitRepo/gf180mcu_ocd_io-sdas/runs/RUN_2026-01-12_05-54-43/parameters/transient_response/run_2/io_inv_1_tran.sch
Subprocess exited with error code 1
Error output generated by subprocess:
Error opening code model "../lib/ngspice/spice2poly.cm"
Subprocess exited with error code 1
: ../lib/ngspice/spice2poly.cm: cannot open shared object file: No such file or directory
Error output generated by subprocess:
Error: Library ../lib/ngspice/spice2poly.cm couldn't be loaded!
Error opening code model "../lib/ngspice/spice2poly.cm"
Error opening code model "../lib/ngspice/analog.cm"
: ../lib/ngspice/spice2poly.cm: cannot open shared object file: No such file or directory
: ../lib/ngspice/analog.cm: cannot open shared object file: No such file or directory
Error: Library ../lib/ngspice/spice2poly.cm couldn't be loaded!
Error: Library ../lib/ngspice/analog.cm couldn't be loaded!
Error opening code model "../lib/ngspice/analog.cm"
Error opening code model "../lib/ngspice/digital.cm"
: ../lib/ngspice/analog.cm: cannot open shared object file: No such file or directory
: ../lib/ngspice/digital.cm: cannot open shared object file: No such file or directory
Error: Library ../lib/ngspice/analog.cm couldn't be loaded!
Error: Library ../lib/ngspice/digital.cm couldn't be loaded!
Error opening code model "../lib/ngspice/digital.cm"
Error opening code model "../lib/ngspice/xtradev.cm"
: ../lib/ngspice/digital.cm: cannot open shared object file: No such file or directory
: ../lib/ngspice/xtradev.cm: cannot open shared object file: No such file or directory
Error: Library ../lib/ngspice/digital.cm couldn't be loaded!
Error: Library ../lib/ngspice/xtradev.cm couldn't be loaded!
Error opening code model "../lib/ngspice/xtradev.cm"
Error opening code model "../lib/ngspice/xtraevt.cm"
: ../lib/ngspice/xtradev.cm: cannot open shared object file: No such file or directory
: ../lib/ngspice/xtraevt.cm: cannot open shared object file: No such file or directory
Error: Library ../lib/ngspice/xtradev.cm couldn't be loaded!
Error: Library ../lib/ngspice/xtraevt.cm couldn't be loaded!
Error opening code model "../lib/ngspice/xtraevt.cm"
Error opening code model "../lib/ngspice/table.cm"
: ../lib/ngspice/xtraevt.cm: cannot open shared object file: No such file or directory
: ../lib/ngspice/table.cm: cannot open shared object file: No such file or directory
Error: Library ../lib/ngspice/xtraevt.cm couldn't be loaded!
Error: Library ../lib/ngspice/table.cm couldn't be loaded!
Error opening code model "../lib/ngspice/table.cm"
Netlist line no. 5:
: ../lib/ngspice/table.cm: cannot open shared object file: No such file or directory
Undefined parameter [vdd]
Error: Library ../lib/ngspice/table.cm couldn't be loaded!
Netlist line no. 5:
Netlist line no. 5:
Cannot compute substitute
Undefined parameter [vdd]

Netlist line no. 5:
ERROR: fatal error in ngspice, exit(1)
Cannot compute substitute

ERROR: fatal error in ngspice, exit(1)
Subprocess exited with error code 1
Subprocess exited with error code 1
Error output generated by subprocess:
Error output generated by subprocess:
Error opening code model "../lib/ngspice/spice2poly.cm"
Error opening code model "../lib/ngspice/spice2poly.cm"
: ../lib/ngspice/spice2poly.cm: cannot open shared object file: No such file or directory
: ../lib/ngspice/spice2poly.cm: cannot open shared object file: No such file or directory
Error: Library ../lib/ngspice/spice2poly.cm couldn't be loaded!
Error: Library ../lib/ngspice/spice2poly.cm couldn't be loaded!
Error opening code model "../lib/ngspice/analog.cm"
Error opening code model "../lib/ngspice/analog.cm"
: ../lib/ngspice/analog.cm: cannot open shared object file: No such file or directory
: ../lib/ngspice/analog.cm: cannot open shared object file: No such file or directory
Error: Library ../lib/ngspice/analog.cm couldn't be loaded!
Error: Library ../lib/ngspice/analog.cm couldn't be loaded!
Error opening code model "../lib/ngspice/digital.cm"
Error opening code model "../lib/ngspice/digital.cm"
: ../lib/ngspice/digital.cm: cannot open shared object file: No such file or directory
: ../lib/ngspice/digital.cm: cannot open shared object file: No such file or directory
Error: Library ../lib/ngspice/digital.cm couldn't be loaded!
Error: Library ../lib/ngspice/digital.cm couldn't be loaded!
Error opening code model "../lib/ngspice/xtradev.cm"
Error opening code model "../lib/ngspice/xtradev.cm"
: ../lib/ngspice/xtradev.cm: cannot open shared object file: No such file or directory
: ../lib/ngspice/xtradev.cm: cannot open shared object file: No such file or directory
Error: Library ../lib/ngspice/xtradev.cm couldn't be loaded!
Error: Library ../lib/ngspice/xtradev.cm couldn't be loaded!
Error opening code model "../lib/ngspice/xtraevt.cm"
Error opening code model "../lib/ngspice/xtraevt.cm"
: ../lib/ngspice/xtraevt.cm: cannot open shared object file: No such file or directory
: ../lib/ngspice/xtraevt.cm: cannot open shared object file: No such file or directory
Error: Library ../lib/ngspice/xtraevt.cm couldn't be loaded!
Error: Library ../lib/ngspice/xtraevt.cm couldn't be loaded!
Error opening code model "../lib/ngspice/table.cm"
Error opening code model "../lib/ngspice/table.cm"
: ../lib/ngspice/table.cm: cannot open shared object file: No such file or directory
: ../lib/ngspice/table.cm: cannot open shared object file: No such file or directory
Error: Library ../lib/ngspice/table.cm couldn't be loaded!
Error: Library ../lib/ngspice/table.cm couldn't be loaded!
Netlist line no. 5:
Netlist line no. 5:
Undefined parameter [vdd]
Undefined parameter [vdd]
Netlist line no. 5:
Netlist line no. 5:
Cannot compute substitute
Cannot compute substitute


ERROR: fatal error in ngspice, exit(1)
ERROR: fatal error in ngspice, exit(1)
Subprocess exited with error code 1
Error output generated by subprocess:
Subprocess exited with error code 1
Error opening code model "../lib/ngspice/spice2poly.cm"
Error output generated by subprocess:
: ../lib/ngspice/spice2poly.cm: cannot open shared object file: No such file or directory
Error opening code model "../lib/ngspice/spice2poly.cm"
Error: Library ../lib/ngspice/spice2poly.cm couldn't be loaded!
: ../lib/ngspice/spice2poly.cm: cannot open shared object file: No such file or directory
Error opening code model "../lib/ngspice/analog.cm"
Error: Library ../lib/ngspice/spice2poly.cm couldn't be loaded!
: ../lib/ngspice/analog.cm: cannot open shared object file: No such file or directory
Error opening code model "../lib/ngspice/analog.cm"
Error: Library ../lib/ngspice/analog.cm couldn't be loaded!
: ../lib/ngspice/analog.cm: cannot open shared object file: No such file or directory
Error opening code model "../lib/ngspice/digital.cm"
Error: Library ../lib/ngspice/analog.cm couldn't be loaded!
: ../lib/ngspice/digital.cm: cannot open shared object file: No such file or directory
Error opening code model "../lib/ngspice/digital.cm"
Error: Library ../lib/ngspice/digital.cm couldn't be loaded!
: ../lib/ngspice/digital.cm: cannot open shared object file: No such file or directory
Error opening code model "../lib/ngspice/xtradev.cm"
Error: Library ../lib/ngspice/digital.cm couldn't be loaded!
: ../lib/ngspice/xtradev.cm: cannot open shared object file: No such file or directory
Error opening code model "../lib/ngspice/xtradev.cm"
Error: Library ../lib/ngspice/xtradev.cm couldn't be loaded!
: ../lib/ngspice/xtradev.cm: cannot open shared object file: No such file or directory
Error opening code model "../lib/ngspice/xtraevt.cm"
Error: Library ../lib/ngspice/xtradev.cm couldn't be loaded!
: ../lib/ngspice/xtraevt.cm: cannot open shared object file: No such file or directory
Error opening code model "../lib/ngspice/xtraevt.cm"
Error: Library ../lib/ngspice/xtraevt.cm couldn't be loaded!
: ../lib/ngspice/xtraevt.cm: cannot open shared object file: No such file or directory
Error opening code model "../lib/ngspice/table.cm"
Error: Library ../lib/ngspice/xtraevt.cm couldn't be loaded!
: ../lib/ngspice/table.cm: cannot open shared object file: No such file or directory
Error opening code model "../lib/ngspice/table.cm"
Error: Library ../lib/ngspice/table.cm couldn't be loaded!
: ../lib/ngspice/table.cm: cannot open shared object file: No such file or directory
Netlist line no. 5:
Error: Library ../lib/ngspice/table.cm couldn't be loaded!
Undefined parameter [vdd]
Netlist line no. 5:
Netlist line no. 5:
Undefined parameter [vdd]
Cannot compute substitute
Netlist line no. 5:

Cannot compute substitute
ERROR: fatal error in ngspice, exit(1)

ERROR: fatal error in ngspice, exit(1)
