Error opening code model "../lib/ngspice/spice2poly.cm"
: ../lib/ngspice/spice2poly.cm: cannot open shared object file: No such file or directory
Error: Library ../lib/ngspice/spice2poly.cm couldn't be loaded!
Error opening code model "../lib/ngspice/analog.cm"
: ../lib/ngspice/analog.cm: cannot open shared object file: No such file or directory
Error: Library ../lib/ngspice/analog.cm couldn't be loaded!
Error opening code model "../lib/ngspice/digital.cm"
: ../lib/ngspice/digital.cm: cannot open shared object file: No such file or directory
Error: Library ../lib/ngspice/digital.cm couldn't be loaded!
Error opening code model "../lib/ngspice/xtradev.cm"
: ../lib/ngspice/xtradev.cm: cannot open shared object file: No such file or directory
Error: Library ../lib/ngspice/xtradev.cm couldn't be loaded!
Error opening code model "../lib/ngspice/xtraevt.cm"
: ../lib/ngspice/xtraevt.cm: cannot open shared object file: No such file or directory
Error: Library ../lib/ngspice/xtraevt.cm couldn't be loaded!
Error opening code model "../lib/ngspice/table.cm"
: ../lib/ngspice/table.cm: cannot open shared object file: No such file or directory
Error: Library ../lib/ngspice/table.cm couldn't be loaded!
Warning: redefinition of .subckt nfet_03v3_dss, ignored
Warning: redefinition of .subckt nplus_u_m1, ignored
Warning: redefinition of .subckt pfet_03v3_dss, ignored
Warning: redefinition of .subckt pplus_u_m1, ignored
Warning: redefinition of .subckt nfet_06v0_dss, ignored
Warning: redefinition of .subckt nplus_u_m2, ignored
Warning: redefinition of .subckt pfet_06v0_dss, ignored
Warning: redefinition of .subckt pplus_u_m2, ignored
Warning: redefinition of .subckt nfet_06v0_nvt, ignored
Warning: redefinition of .subckt nfet_03v3, ignored
Warning: redefinition of .subckt pfet_03v3, ignored
Warning: redefinition of .subckt nfet_05v0, ignored
Warning: redefinition of .subckt nfet_06v0, ignored
Warning: redefinition of .subckt pfet_05v0, ignored
Warning: redefinition of .subckt pfet_06v0, ignored
Netlist line no. 4:
 Mismatch: 24 formal but 15 actual params.
w=0.6u;l=0.28u;as=int((nf+2)/2)*w/nf*0.18u;ad=int((nf+1)/2)*w/nf*0.18u;ps=2*int((nf+2)/2)*(w/nf+0.18u);pd=2*int((nf+1)/2)*(w/nf+0.18u);nrd=0.18u/w;nrs=0.18u/w;par=1;dtemp=0;sa=0;sb=0;nf=1;sd=0;m=1;par_vth=$;par_k=$;par_l=$;par_w=$;par_leff=$;par_weff=$;p_sqrtarea=$;var_k=$;var_vth=$;
Netlist line no. 4:
Syntax error: letter [$]
Netlist line no. 4:
 Expression err: $
Netlist line no. 4:
 Formula() error.
      |m=1; sd=0; nf=1; sb=0; sa=0; dtemp=0; par=1; l=0.28u; w=0.6u; as=int((nf+2)/2)*w/nf*0.18u; ad=int((nf+1)/2)*w/nf*0.18u; ps=2*int((nf+2)/2)*(w/nf+0.18u); pd=2*int((nf+1)/2)*(w/nf+0.18u); nrd=0.18u/w; nrs=0.18u/w; par_vth=$; par_k=$; par_l=$; par_w=$; par_leff=$; par_weff=$; p_sqrtarea=$; var_k=$; var_vth=$;| : |par_vth|=|$|
Netlist line no. 1573:
Undefined parameter [var_vth]
Netlist line no. 1573:
Undefined parameter [var_k]
Netlist line no. 6:
 Mismatch: 24 formal but 15 actual params.
w=1.2u;l=0.28u;as=int((nf+2)/2)*w/nf*0.18u;ad=int((nf+1)/2)*w/nf*0.18u;ps=2*int((nf+2)/2)*(w/nf+0.18u);pd=2*int((nf+1)/2)*(w/nf+0.18u);nrd=0.18u/w;nrs=0.18u/w;par=1;dtemp=0;sa=0;sb=0;nf=1;sd=0;m=1;par_vth=$;par_k=$;par_l=$;par_w=$;par_leff=$;par_weff=$;p_sqrtarea=$;var_k=$;var_vth=$;
Netlist line no. 6:
Syntax error: letter [$]
Netlist line no. 6:
 Expression err: $
Netlist line no. 6:
 Formula() error.
      |m=1; sd=0; nf=1; sb=0; sa=0; dtemp=0; par=1; l=0.28u; w=1.2u; as=int((nf+2)/2)*w/nf*0.18u; ad=int((nf+1)/2)*w/nf*0.18u; ps=2*int((nf+2)/2)*(w/nf+0.18u); pd=2*int((nf+1)/2)*(w/nf+0.18u); nrd=0.18u/w; nrs=0.18u/w; par_vth=$; par_k=$; par_l=$; par_w=$; par_leff=$; par_weff=$; p_sqrtarea=$; var_k=$; var_vth=$;| : |par_vth|=|$|
Netlist line no. 1580:
Undefined parameter [var_vth]
Netlist line no. 1580:
Undefined parameter [var_k]
Netlist line no. 5:
Undefined parameter [vdd]
Netlist line no. 5:
Cannot compute substitute

ERROR: fatal error in ngspice, exit(1)
