Subprocess exited with error code 1
Error output generated by subprocess:
Error opening code model "../lib/ngspice/spice2poly.cm"
Subprocess exited with error code 1
: ../lib/ngspice/spice2poly.cm: cannot open shared object file: No such file or directory
Error output generated by subprocess:
Error: Library ../lib/ngspice/spice2poly.cm couldn't be loaded!
Error opening code model "../lib/ngspice/spice2poly.cm"
Error opening code model "../lib/ngspice/analog.cm"
: ../lib/ngspice/spice2poly.cm: cannot open shared object file: No such file or directory
: ../lib/ngspice/analog.cm: cannot open shared object file: No such file or directory
Error: Library ../lib/ngspice/spice2poly.cm couldn't be loaded!
Error: Library ../lib/ngspice/analog.cm couldn't be loaded!
Error opening code model "../lib/ngspice/analog.cm"
Error opening code model "../lib/ngspice/digital.cm"
: ../lib/ngspice/analog.cm: cannot open shared object file: No such file or directory
: ../lib/ngspice/digital.cm: cannot open shared object file: No such file or directory
Error: Library ../lib/ngspice/analog.cm couldn't be loaded!
Error: Library ../lib/ngspice/digital.cm couldn't be loaded!
Error opening code model "../lib/ngspice/digital.cm"
Error opening code model "../lib/ngspice/xtradev.cm"
: ../lib/ngspice/digital.cm: cannot open shared object file: No such file or directory
: ../lib/ngspice/xtradev.cm: cannot open shared object file: No such file or directory
Error: Library ../lib/ngspice/digital.cm couldn't be loaded!
Error: Library ../lib/ngspice/xtradev.cm couldn't be loaded!
Error opening code model "../lib/ngspice/xtradev.cm"
Error opening code model "../lib/ngspice/xtraevt.cm"
: ../lib/ngspice/xtradev.cm: cannot open shared object file: No such file or directory
: ../lib/ngspice/xtraevt.cm: cannot open shared object file: No such file or directory
Error: Library ../lib/ngspice/xtradev.cm couldn't be loaded!
Error: Library ../lib/ngspice/xtraevt.cm couldn't be loaded!
Error opening code model "../lib/ngspice/xtraevt.cm"
Error opening code model "../lib/ngspice/table.cm"
: ../lib/ngspice/xtraevt.cm: cannot open shared object file: No such file or directory
: ../lib/ngspice/table.cm: cannot open shared object file: No such file or directory
Error: Library ../lib/ngspice/xtraevt.cm couldn't be loaded!
Error: Library ../lib/ngspice/table.cm couldn't be loaded!
Error opening code model "../lib/ngspice/table.cm"
ERROR, library file /home/subhransu/share/pdk/gf180mcuD/libs.tech/ngspice/sm141064.ngspice, section definition tt not found
: ../lib/ngspice/table.cm: cannot open shared object file: No such file or directory

Error: Library ../lib/ngspice/table.cm couldn't be loaded!
ERROR: fatal error in ngspice, exit(1)
Warning: redefinition of .subckt nfet_03v3_dss, ignored
Warning: redefinition of .subckt nplus_u_m1, ignored
Warning: redefinition of .subckt pfet_03v3_dss, ignored
Warning: redefinition of .subckt pplus_u_m1, ignored
Warning: redefinition of .subckt nfet_06v0_dss, ignored
Warning: redefinition of .subckt nplus_u_m2, ignored
Warning: redefinition of .subckt pfet_06v0_dss, ignored
Warning: redefinition of .subckt pplus_u_m2, ignored
Warning: redefinition of .subckt nfet_06v0_nvt, ignored
Warning: redefinition of .subckt nfet_03v3, ignored
Warning: redefinition of .subckt pfet_03v3, ignored
Warning: redefinition of .subckt nfet_05v0, ignored
Warning: redefinition of .subckt nfet_06v0, ignored
Warning: redefinition of .subckt pfet_05v0, ignored
Warning: redefinition of .subckt pfet_06v0, ignored
Netlist line no. 4:
Undefined parameter [vdd]
Netlist line no. 4:
Cannot compute substitute
Netlist line no. 4:
 Mismatch: 24 formal but 15 actual params.
Subprocess exited with error code 1
w=0.6u;l=0.28u;as=int((nf+2)/2)*w/nf*0.18u;ad=int((nf+1)/2)*w/nf*0.18u;ps=2*int((nf+2)/2)*(w/nf+0.18u);pd=2*int((nf+1)/2)*(w/nf+0.18u);nrd=0.18u/w;nrs=0.18u/w;par=1;dtemp=0;sa=0;sb=0;nf=1;sd=0;m=1;par_vth=$;par_k=$;par_l=$;par_w=$;par_leff=$;par_weff=$;p_sqrtarea=$;var_k=$;var_vth=$;
Error output generated by subprocess:
Netlist line no. 4:
Error opening code model "../lib/ngspice/spice2poly.cm"
Syntax error: letter [$]
: ../lib/ngspice/spice2poly.cm: cannot open shared object file: No such file or directory
Netlist line no. 4:
Error: Library ../lib/ngspice/spice2poly.cm couldn't be loaded!
 Expression err: $
Error opening code model "../lib/ngspice/analog.cm"
Netlist line no. 4:
: ../lib/ngspice/analog.cm: cannot open shared object file: No such file or directory
 Formula() error.
Error: Library ../lib/ngspice/analog.cm couldn't be loaded!
      |m=1; sd=0; nf=1; sb=0; sa=0; dtemp=0; par=1; l=0.28u; w=0.6u; as=int((nf+2)/2)*w/nf*0.18u; ad=int((nf+1)/2)*w/nf*0.18u; ps=2*int((nf+2)/2)*(w/nf+0.18u); pd=2*int((nf+1)/2)*(w/nf+0.18u); nrd=0.18u/w; nrs=0.18u/w; par_vth=$; par_k=$; par_l=$; par_w=$; par_leff=$; par_weff=$; p_sqrtarea=$; var_k=$; var_vth=$;| : |par_vth|=|$|
Error opening code model "../lib/ngspice/digital.cm"
Netlist line no. 1573:
: ../lib/ngspice/digital.cm: cannot open shared object file: No such file or directory
Undefined parameter [var_vth]
Error: Library ../lib/ngspice/digital.cm couldn't be loaded!
Netlist line no. 1573:
Error opening code model "../lib/ngspice/xtradev.cm"
Undefined parameter [var_k]
: ../lib/ngspice/xtradev.cm: cannot open shared object file: No such file or directory
Netlist line no. 6:
Error: Library ../lib/ngspice/xtradev.cm couldn't be loaded!
 Mismatch: 24 formal but 15 actual params.
Error opening code model "../lib/ngspice/xtraevt.cm"
w=1.2u;l=0.28u;as=int((nf+2)/2)*w/nf*0.18u;ad=int((nf+1)/2)*w/nf*0.18u;ps=2*int((nf+2)/2)*(w/nf+0.18u);pd=2*int((nf+1)/2)*(w/nf+0.18u);nrd=0.18u/w;nrs=0.18u/w;par=1;dtemp=0;sa=0;sb=0;nf=1;sd=0;m=1;par_vth=$;par_k=$;par_l=$;par_w=$;par_leff=$;par_weff=$;p_sqrtarea=$;var_k=$;var_vth=$;
: ../lib/ngspice/xtraevt.cm: cannot open shared object file: No such file or directory
Netlist line no. 6:
Error: Library ../lib/ngspice/xtraevt.cm couldn't be loaded!
Syntax error: letter [$]
Error opening code model "../lib/ngspice/table.cm"
Netlist line no. 6:
: ../lib/ngspice/table.cm: cannot open shared object file: No such file or directory
 Expression err: $
Error: Library ../lib/ngspice/table.cm couldn't be loaded!
Netlist line no. 6:
Warning: redefinition of .subckt nfet_03v3_dss, ignored
 Formula() error.
Warning: redefinition of .subckt nplus_u_m1, ignored
      |m=1; sd=0; nf=1; sb=0; sa=0; dtemp=0; par=1; l=0.28u; w=1.2u; as=int((nf+2)/2)*w/nf*0.18u; ad=int((nf+1)/2)*w/nf*0.18u; ps=2*int((nf+2)/2)*(w/nf+0.18u); pd=2*int((nf+1)/2)*(w/nf+0.18u); nrd=0.18u/w; nrs=0.18u/w; par_vth=$; par_k=$; par_l=$; par_w=$; par_leff=$; par_weff=$; p_sqrtarea=$; var_k=$; var_vth=$;| : |par_vth|=|$|
Warning: redefinition of .subckt pfet_03v3_dss, ignored
Netlist line no. 1580:
Warning: redefinition of .subckt pplus_u_m1, ignored
Undefined parameter [var_vth]
Warning: redefinition of .subckt nfet_06v0_dss, ignored
Netlist line no. 1580:
Warning: redefinition of .subckt nplus_u_m2, ignored
Undefined parameter [var_k]
Warning: redefinition of .subckt pfet_06v0_dss, ignored

Warning: redefinition of .subckt pplus_u_m2, ignored
ERROR: fatal error in ngspice, exit(1)
Warning: redefinition of .subckt nfet_06v0_nvt, ignored
Warning: redefinition of .subckt nfet_03v3, ignored
Warning: redefinition of .subckt pfet_03v3, ignored
Warning: redefinition of .subckt nfet_05v0, ignored
Warning: redefinition of .subckt nfet_06v0, ignored
Warning: redefinition of .subckt pfet_05v0, ignored
Warning: redefinition of .subckt pfet_06v0, ignored
Netlist line no. 4:
Undefined parameter [vdd]
Netlist line no. 4:
Cannot compute substitute
Netlist line no. 4:
 Mismatch: 24 formal but 15 actual params.
w=0.6u;l=0.28u;as=int((nf+2)/2)*w/nf*0.18u;ad=int((nf+1)/2)*w/nf*0.18u;ps=2*int((nf+2)/2)*(w/nf+0.18u);pd=2*int((nf+1)/2)*(w/nf+0.18u);nrd=0.18u/w;nrs=0.18u/w;par=1;dtemp=0;sa=0;sb=0;nf=1;sd=0;m=1;par_vth=$;par_k=$;par_l=$;par_w=$;par_leff=$;par_weff=$;p_sqrtarea=$;var_k=$;var_vth=$;
Netlist line no. 4:
Syntax error: letter [$]
Netlist line no. 4:
 Expression err: $
Netlist line no. 4:
 Formula() error.
      |m=1; sd=0; nf=1; sb=0; sa=0; dtemp=0; par=1; l=0.28u; w=0.6u; as=int((nf+2)/2)*w/nf*0.18u; ad=int((nf+1)/2)*w/nf*0.18u; ps=2*int((nf+2)/2)*(w/nf+0.18u); pd=2*int((nf+1)/2)*(w/nf+0.18u); nrd=0.18u/w; nrs=0.18u/w; par_vth=$; par_k=$; par_l=$; par_w=$; par_leff=$; par_weff=$; p_sqrtarea=$; var_k=$; var_vth=$;| : |par_vth|=|$|
Subprocess exited with error code 1
Netlist line no. 1573:
Error output generated by subprocess:
Undefined parameter [var_vth]
Error opening code model "../lib/ngspice/spice2poly.cm"
Netlist line no. 1573:
: ../lib/ngspice/spice2poly.cm: cannot open shared object file: No such file or directory
Undefined parameter [var_k]
Error: Library ../lib/ngspice/spice2poly.cm couldn't be loaded!
Netlist line no. 6:
Error opening code model "../lib/ngspice/analog.cm"
 Mismatch: 24 formal but 15 actual params.
: ../lib/ngspice/analog.cm: cannot open shared object file: No such file or directory
w=1.2u;l=0.28u;as=int((nf+2)/2)*w/nf*0.18u;ad=int((nf+1)/2)*w/nf*0.18u;ps=2*int((nf+2)/2)*(w/nf+0.18u);pd=2*int((nf+1)/2)*(w/nf+0.18u);nrd=0.18u/w;nrs=0.18u/w;par=1;dtemp=0;sa=0;sb=0;nf=1;sd=0;m=1;par_vth=$;par_k=$;par_l=$;par_w=$;par_leff=$;par_weff=$;p_sqrtarea=$;var_k=$;var_vth=$;
Error: Library ../lib/ngspice/analog.cm couldn't be loaded!
Netlist line no. 6:
Error opening code model "../lib/ngspice/digital.cm"
Syntax error: letter [$]
: ../lib/ngspice/digital.cm: cannot open shared object file: No such file or directory
Netlist line no. 6:
Error: Library ../lib/ngspice/digital.cm couldn't be loaded!
 Expression err: $
Error opening code model "../lib/ngspice/xtradev.cm"
Netlist line no. 6:
: ../lib/ngspice/xtradev.cm: cannot open shared object file: No such file or directory
 Formula() error.
Error: Library ../lib/ngspice/xtradev.cm couldn't be loaded!
      |m=1; sd=0; nf=1; sb=0; sa=0; dtemp=0; par=1; l=0.28u; w=1.2u; as=int((nf+2)/2)*w/nf*0.18u; ad=int((nf+1)/2)*w/nf*0.18u; ps=2*int((nf+2)/2)*(w/nf+0.18u); pd=2*int((nf+1)/2)*(w/nf+0.18u); nrd=0.18u/w; nrs=0.18u/w; par_vth=$; par_k=$; par_l=$; par_w=$; par_leff=$; par_weff=$; p_sqrtarea=$; var_k=$; var_vth=$;| : |par_vth|=|$|
Error opening code model "../lib/ngspice/xtraevt.cm"
Netlist line no. 1580:
: ../lib/ngspice/xtraevt.cm: cannot open shared object file: No such file or directory
Undefined parameter [var_vth]
Error: Library ../lib/ngspice/xtraevt.cm couldn't be loaded!
Netlist line no. 1580:
Error opening code model "../lib/ngspice/table.cm"
Undefined parameter [var_k]
: ../lib/ngspice/table.cm: cannot open shared object file: No such file or directory

Error: Library ../lib/ngspice/table.cm couldn't be loaded!
ERROR: fatal error in ngspice, exit(1)
Warning: redefinition of .subckt nfet_03v3_dss, ignored
Warning: redefinition of .subckt nplus_u_m1, ignored
Warning: redefinition of .subckt pfet_03v3_dss, ignored
Warning: redefinition of .subckt pplus_u_m1, ignored
Warning: redefinition of .subckt nfet_06v0_dss, ignored
Warning: redefinition of .subckt nplus_u_m2, ignored
Warning: redefinition of .subckt pfet_06v0_dss, ignored
Warning: redefinition of .subckt pplus_u_m2, ignored
Warning: redefinition of .subckt nfet_06v0_nvt, ignored
Warning: redefinition of .subckt nfet_03v3, ignored
Warning: redefinition of .subckt pfet_03v3, ignored
Warning: redefinition of .subckt nfet_05v0, ignored
Warning: redefinition of .subckt nfet_06v0, ignored
Warning: redefinition of .subckt pfet_05v0, ignored
Warning: redefinition of .subckt pfet_06v0, ignored
Netlist line no. 4:
Undefined parameter [vdd]
Netlist line no. 4:
Cannot compute substitute
Netlist line no. 4:
 Mismatch: 24 formal but 15 actual params.
w=0.6u;l=0.28u;as=int((nf+2)/2)*w/nf*0.18u;ad=int((nf+1)/2)*w/nf*0.18u;ps=2*int((nf+2)/2)*(w/nf+0.18u);pd=2*int((nf+1)/2)*(w/nf+0.18u);nrd=0.18u/w;nrs=0.18u/w;par=1;dtemp=0;sa=0;sb=0;nf=1;sd=0;m=1;par_vth=$;par_k=$;par_l=$;par_w=$;par_leff=$;par_weff=$;p_sqrtarea=$;var_k=$;var_vth=$;
Netlist line no. 4:
Syntax error: letter [$]
Subprocess exited with error code 1
Netlist line no. 4:
Error output generated by subprocess:
 Expression err: $
Error opening code model "../lib/ngspice/spice2poly.cm"
Netlist line no. 4:
: ../lib/ngspice/spice2poly.cm: cannot open shared object file: No such file or directory
 Formula() error.
Error: Library ../lib/ngspice/spice2poly.cm couldn't be loaded!
      |m=1; sd=0; nf=1; sb=0; sa=0; dtemp=0; par=1; l=0.28u; w=0.6u; as=int((nf+2)/2)*w/nf*0.18u; ad=int((nf+1)/2)*w/nf*0.18u; ps=2*int((nf+2)/2)*(w/nf+0.18u); pd=2*int((nf+1)/2)*(w/nf+0.18u); nrd=0.18u/w; nrs=0.18u/w; par_vth=$; par_k=$; par_l=$; par_w=$; par_leff=$; par_weff=$; p_sqrtarea=$; var_k=$; var_vth=$;| : |par_vth|=|$|
Error opening code model "../lib/ngspice/analog.cm"
Netlist line no. 1573:
: ../lib/ngspice/analog.cm: cannot open shared object file: No such file or directory
Undefined parameter [var_vth]
Error: Library ../lib/ngspice/analog.cm couldn't be loaded!
Netlist line no. 1573:
Error opening code model "../lib/ngspice/digital.cm"
Undefined parameter [var_k]
: ../lib/ngspice/digital.cm: cannot open shared object file: No such file or directory
Netlist line no. 6:
Error: Library ../lib/ngspice/digital.cm couldn't be loaded!
 Mismatch: 24 formal but 15 actual params.
Error opening code model "../lib/ngspice/xtradev.cm"
w=1.2u;l=0.28u;as=int((nf+2)/2)*w/nf*0.18u;ad=int((nf+1)/2)*w/nf*0.18u;ps=2*int((nf+2)/2)*(w/nf+0.18u);pd=2*int((nf+1)/2)*(w/nf+0.18u);nrd=0.18u/w;nrs=0.18u/w;par=1;dtemp=0;sa=0;sb=0;nf=1;sd=0;m=1;par_vth=$;par_k=$;par_l=$;par_w=$;par_leff=$;par_weff=$;p_sqrtarea=$;var_k=$;var_vth=$;
: ../lib/ngspice/xtradev.cm: cannot open shared object file: No such file or directory
Netlist line no. 6:
Error: Library ../lib/ngspice/xtradev.cm couldn't be loaded!
Syntax error: letter [$]
Error opening code model "../lib/ngspice/xtraevt.cm"
Netlist line no. 6:
: ../lib/ngspice/xtraevt.cm: cannot open shared object file: No such file or directory
 Expression err: $
Error: Library ../lib/ngspice/xtraevt.cm couldn't be loaded!
Netlist line no. 6:
Error opening code model "../lib/ngspice/table.cm"
 Formula() error.
: ../lib/ngspice/table.cm: cannot open shared object file: No such file or directory
      |m=1; sd=0; nf=1; sb=0; sa=0; dtemp=0; par=1; l=0.28u; w=1.2u; as=int((nf+2)/2)*w/nf*0.18u; ad=int((nf+1)/2)*w/nf*0.18u; ps=2*int((nf+2)/2)*(w/nf+0.18u); pd=2*int((nf+1)/2)*(w/nf+0.18u); nrd=0.18u/w; nrs=0.18u/w; par_vth=$; par_k=$; par_l=$; par_w=$; par_leff=$; par_weff=$; p_sqrtarea=$; var_k=$; var_vth=$;| : |par_vth|=|$|
Error: Library ../lib/ngspice/table.cm couldn't be loaded!
Netlist line no. 1580:
Warning: redefinition of .subckt nfet_03v3_dss, ignored
Undefined parameter [var_vth]
Warning: redefinition of .subckt nplus_u_m1, ignored
Netlist line no. 1580:
Warning: redefinition of .subckt pfet_03v3_dss, ignored
Undefined parameter [var_k]
Warning: redefinition of .subckt pplus_u_m1, ignored

Warning: redefinition of .subckt nfet_06v0_dss, ignored
ERROR: fatal error in ngspice, exit(1)
Warning: redefinition of .subckt nplus_u_m2, ignored
Warning: redefinition of .subckt pfet_06v0_dss, ignored
Warning: redefinition of .subckt pplus_u_m2, ignored
Warning: redefinition of .subckt nfet_06v0_nvt, ignored
Warning: redefinition of .subckt nfet_03v3, ignored
Warning: redefinition of .subckt pfet_03v3, ignored
Warning: redefinition of .subckt nfet_05v0, ignored
Warning: redefinition of .subckt nfet_06v0, ignored
Warning: redefinition of .subckt pfet_05v0, ignored
Warning: redefinition of .subckt pfet_06v0, ignored
Netlist line no. 4:
Undefined parameter [vdd]
Netlist line no. 4:
Cannot compute substitute
Netlist line no. 4:
 Mismatch: 24 formal but 15 actual params.
w=0.6u;l=0.28u;as=int((nf+2)/2)*w/nf*0.18u;ad=int((nf+1)/2)*w/nf*0.18u;ps=2*int((nf+2)/2)*(w/nf+0.18u);pd=2*int((nf+1)/2)*(w/nf+0.18u);nrd=0.18u/w;nrs=0.18u/w;par=1;dtemp=0;sa=0;sb=0;nf=1;sd=0;m=1;par_vth=$;par_k=$;par_l=$;par_w=$;par_leff=$;par_weff=$;p_sqrtarea=$;var_k=$;var_vth=$;
Netlist line no. 4:
Syntax error: letter [$]
Netlist line no. 4:
 Expression err: $
Subprocess exited with error code 1
Netlist line no. 4:
Error output generated by subprocess:
 Formula() error.
Error opening code model "../lib/ngspice/spice2poly.cm"
      |m=1; sd=0; nf=1; sb=0; sa=0; dtemp=0; par=1; l=0.28u; w=0.6u; as=int((nf+2)/2)*w/nf*0.18u; ad=int((nf+1)/2)*w/nf*0.18u; ps=2*int((nf+2)/2)*(w/nf+0.18u); pd=2*int((nf+1)/2)*(w/nf+0.18u); nrd=0.18u/w; nrs=0.18u/w; par_vth=$; par_k=$; par_l=$; par_w=$; par_leff=$; par_weff=$; p_sqrtarea=$; var_k=$; var_vth=$;| : |par_vth|=|$|
: ../lib/ngspice/spice2poly.cm: cannot open shared object file: No such file or directory
Netlist line no. 1573:
Error: Library ../lib/ngspice/spice2poly.cm couldn't be loaded!
Undefined parameter [var_vth]
Error opening code model "../lib/ngspice/analog.cm"
Netlist line no. 1573:
: ../lib/ngspice/analog.cm: cannot open shared object file: No such file or directory
Undefined parameter [var_k]
Error: Library ../lib/ngspice/analog.cm couldn't be loaded!
Netlist line no. 6:
Error opening code model "../lib/ngspice/digital.cm"
 Mismatch: 24 formal but 15 actual params.
: ../lib/ngspice/digital.cm: cannot open shared object file: No such file or directory
w=1.2u;l=0.28u;as=int((nf+2)/2)*w/nf*0.18u;ad=int((nf+1)/2)*w/nf*0.18u;ps=2*int((nf+2)/2)*(w/nf+0.18u);pd=2*int((nf+1)/2)*(w/nf+0.18u);nrd=0.18u/w;nrs=0.18u/w;par=1;dtemp=0;sa=0;sb=0;nf=1;sd=0;m=1;par_vth=$;par_k=$;par_l=$;par_w=$;par_leff=$;par_weff=$;p_sqrtarea=$;var_k=$;var_vth=$;
Error: Library ../lib/ngspice/digital.cm couldn't be loaded!
Netlist line no. 6:
Error opening code model "../lib/ngspice/xtradev.cm"
Syntax error: letter [$]
: ../lib/ngspice/xtradev.cm: cannot open shared object file: No such file or directory
Netlist line no. 6:
Error: Library ../lib/ngspice/xtradev.cm couldn't be loaded!
 Expression err: $
Error opening code model "../lib/ngspice/xtraevt.cm"
Netlist line no. 6:
: ../lib/ngspice/xtraevt.cm: cannot open shared object file: No such file or directory
 Formula() error.
Error: Library ../lib/ngspice/xtraevt.cm couldn't be loaded!
      |m=1; sd=0; nf=1; sb=0; sa=0; dtemp=0; par=1; l=0.28u; w=1.2u; as=int((nf+2)/2)*w/nf*0.18u; ad=int((nf+1)/2)*w/nf*0.18u; ps=2*int((nf+2)/2)*(w/nf+0.18u); pd=2*int((nf+1)/2)*(w/nf+0.18u); nrd=0.18u/w; nrs=0.18u/w; par_vth=$; par_k=$; par_l=$; par_w=$; par_leff=$; par_weff=$; p_sqrtarea=$; var_k=$; var_vth=$;| : |par_vth|=|$|
Error opening code model "../lib/ngspice/table.cm"
Netlist line no. 1580:
: ../lib/ngspice/table.cm: cannot open shared object file: No such file or directory
Undefined parameter [var_vth]
Error: Library ../lib/ngspice/table.cm couldn't be loaded!
Netlist line no. 1580:
Warning: redefinition of .subckt nfet_03v3_dss, ignored
Undefined parameter [var_k]
Warning: redefinition of .subckt nplus_u_m1, ignored

Warning: redefinition of .subckt pfet_03v3_dss, ignored
ERROR: fatal error in ngspice, exit(1)
Warning: redefinition of .subckt pplus_u_m1, ignored
Warning: redefinition of .subckt nfet_06v0_dss, ignored
Warning: redefinition of .subckt nplus_u_m2, ignored
Warning: redefinition of .subckt pfet_06v0_dss, ignored
Warning: redefinition of .subckt pplus_u_m2, ignored
Warning: redefinition of .subckt nfet_06v0_nvt, ignored
Warning: redefinition of .subckt nfet_03v3, ignored
Warning: redefinition of .subckt pfet_03v3, ignored
Warning: redefinition of .subckt nfet_05v0, ignored
Warning: redefinition of .subckt nfet_06v0, ignored
Warning: redefinition of .subckt pfet_05v0, ignored
Warning: redefinition of .subckt pfet_06v0, ignored
Netlist line no. 4:
 Mismatch: 24 formal but 15 actual params.
w=0.6u;l=0.28u;as=int((nf+2)/2)*w/nf*0.18u;ad=int((nf+1)/2)*w/nf*0.18u;ps=2*int((nf+2)/2)*(w/nf+0.18u);pd=2*int((nf+1)/2)*(w/nf+0.18u);nrd=0.18u/w;nrs=0.18u/w;par=1;dtemp=0;sa=0;sb=0;nf=1;sd=0;m=1;par_vth=$;par_k=$;par_l=$;par_w=$;par_leff=$;par_weff=$;p_sqrtarea=$;var_k=$;var_vth=$;
Netlist line no. 4:
Syntax error: letter [$]
Netlist line no. 4:
 Expression err: $
Subprocess exited with error code 1
Netlist line no. 4:
Error output generated by subprocess:
 Formula() error.
Error opening code model "../lib/ngspice/spice2poly.cm"
      |m=1; sd=0; nf=1; sb=0; sa=0; dtemp=0; par=1; l=0.28u; w=0.6u; as=int((nf+2)/2)*w/nf*0.18u; ad=int((nf+1)/2)*w/nf*0.18u; ps=2*int((nf+2)/2)*(w/nf+0.18u); pd=2*int((nf+1)/2)*(w/nf+0.18u); nrd=0.18u/w; nrs=0.18u/w; par_vth=$; par_k=$; par_l=$; par_w=$; par_leff=$; par_weff=$; p_sqrtarea=$; var_k=$; var_vth=$;| : |par_vth|=|$|
: ../lib/ngspice/spice2poly.cm: cannot open shared object file: No such file or directory
Netlist line no. 1573:
Error: Library ../lib/ngspice/spice2poly.cm couldn't be loaded!
Undefined parameter [var_vth]
Error opening code model "../lib/ngspice/analog.cm"
Netlist line no. 1573:
: ../lib/ngspice/analog.cm: cannot open shared object file: No such file or directory
Undefined parameter [var_k]
Error: Library ../lib/ngspice/analog.cm couldn't be loaded!
Netlist line no. 6:
Error opening code model "../lib/ngspice/digital.cm"
 Mismatch: 24 formal but 15 actual params.
: ../lib/ngspice/digital.cm: cannot open shared object file: No such file or directory
w=1.2u;l=0.28u;as=int((nf+2)/2)*w/nf*0.18u;ad=int((nf+1)/2)*w/nf*0.18u;ps=2*int((nf+2)/2)*(w/nf+0.18u);pd=2*int((nf+1)/2)*(w/nf+0.18u);nrd=0.18u/w;nrs=0.18u/w;par=1;dtemp=0;sa=0;sb=0;nf=1;sd=0;m=1;par_vth=$;par_k=$;par_l=$;par_w=$;par_leff=$;par_weff=$;p_sqrtarea=$;var_k=$;var_vth=$;
Error: Library ../lib/ngspice/digital.cm couldn't be loaded!
Netlist line no. 6:
Error opening code model "../lib/ngspice/xtradev.cm"
Syntax error: letter [$]
: ../lib/ngspice/xtradev.cm: cannot open shared object file: No such file or directory
Netlist line no. 6:
Error: Library ../lib/ngspice/xtradev.cm couldn't be loaded!
 Expression err: $
Error opening code model "../lib/ngspice/xtraevt.cm"
Netlist line no. 6:
: ../lib/ngspice/xtraevt.cm: cannot open shared object file: No such file or directory
 Formula() error.
Error: Library ../lib/ngspice/xtraevt.cm couldn't be loaded!
      |m=1; sd=0; nf=1; sb=0; sa=0; dtemp=0; par=1; l=0.28u; w=1.2u; as=int((nf+2)/2)*w/nf*0.18u; ad=int((nf+1)/2)*w/nf*0.18u; ps=2*int((nf+2)/2)*(w/nf+0.18u); pd=2*int((nf+1)/2)*(w/nf+0.18u); nrd=0.18u/w; nrs=0.18u/w; par_vth=$; par_k=$; par_l=$; par_w=$; par_leff=$; par_weff=$; p_sqrtarea=$; var_k=$; var_vth=$;| : |par_vth|=|$|
Error opening code model "../lib/ngspice/table.cm"
Netlist line no. 1580:
: ../lib/ngspice/table.cm: cannot open shared object file: No such file or directory
Undefined parameter [var_vth]
Error: Library ../lib/ngspice/table.cm couldn't be loaded!
Netlist line no. 1580:
ERROR, library file /home/subhransu/share/pdk/gf180mcuD/libs.tech/ngspice/sm141064.ngspice, section definition tt not found
Undefined parameter [var_k]

Netlist line no. 5:
ERROR: fatal error in ngspice, exit(1)
Undefined parameter [vdd]
Netlist line no. 5:
Cannot compute substitute

ERROR: fatal error in ngspice, exit(1)
Subprocess exited with error code 1
Error output generated by subprocess:
Error opening code model "../lib/ngspice/spice2poly.cm"
: ../lib/ngspice/spice2poly.cm: cannot open shared object file: No such file or directory
Subprocess exited with error code 1
Error: Library ../lib/ngspice/spice2poly.cm couldn't be loaded!
Error output generated by subprocess:
Error opening code model "../lib/ngspice/analog.cm"
Error opening code model "../lib/ngspice/spice2poly.cm"
: ../lib/ngspice/analog.cm: cannot open shared object file: No such file or directory
: ../lib/ngspice/spice2poly.cm: cannot open shared object file: No such file or directory
Error: Library ../lib/ngspice/analog.cm couldn't be loaded!
Error: Library ../lib/ngspice/spice2poly.cm couldn't be loaded!
Error opening code model "../lib/ngspice/digital.cm"
Error opening code model "../lib/ngspice/analog.cm"
: ../lib/ngspice/digital.cm: cannot open shared object file: No such file or directory
: ../lib/ngspice/analog.cm: cannot open shared object file: No such file or directory
Error: Library ../lib/ngspice/digital.cm couldn't be loaded!
Error: Library ../lib/ngspice/analog.cm couldn't be loaded!
Error opening code model "../lib/ngspice/xtradev.cm"
Error opening code model "../lib/ngspice/digital.cm"
: ../lib/ngspice/xtradev.cm: cannot open shared object file: No such file or directory
: ../lib/ngspice/digital.cm: cannot open shared object file: No such file or directory
Error: Library ../lib/ngspice/xtradev.cm couldn't be loaded!
Error: Library ../lib/ngspice/digital.cm couldn't be loaded!
Error opening code model "../lib/ngspice/xtraevt.cm"
Error opening code model "../lib/ngspice/xtradev.cm"
: ../lib/ngspice/xtraevt.cm: cannot open shared object file: No such file or directory
: ../lib/ngspice/xtradev.cm: cannot open shared object file: No such file or directory
Error: Library ../lib/ngspice/xtraevt.cm couldn't be loaded!
Error: Library ../lib/ngspice/xtradev.cm couldn't be loaded!
Error opening code model "../lib/ngspice/table.cm"
Error opening code model "../lib/ngspice/xtraevt.cm"
: ../lib/ngspice/table.cm: cannot open shared object file: No such file or directory
: ../lib/ngspice/xtraevt.cm: cannot open shared object file: No such file or directory
Error: Library ../lib/ngspice/table.cm couldn't be loaded!
Error: Library ../lib/ngspice/xtraevt.cm couldn't be loaded!
Warning: redefinition of .subckt nfet_03v3_dss, ignored
Error opening code model "../lib/ngspice/table.cm"
Warning: redefinition of .subckt nplus_u_m1, ignored
: ../lib/ngspice/table.cm: cannot open shared object file: No such file or directory
Warning: redefinition of .subckt pfet_03v3_dss, ignored
Error: Library ../lib/ngspice/table.cm couldn't be loaded!
Warning: redefinition of .subckt pplus_u_m1, ignored
Warning: redefinition of .subckt nfet_03v3_dss, ignored
Warning: redefinition of .subckt nfet_06v0_dss, ignored
Warning: redefinition of .subckt nplus_u_m1, ignored
Warning: redefinition of .subckt nplus_u_m2, ignored
Warning: redefinition of .subckt pfet_03v3_dss, ignored
Warning: redefinition of .subckt pfet_06v0_dss, ignored
Warning: redefinition of .subckt pplus_u_m1, ignored
Warning: redefinition of .subckt pplus_u_m2, ignored
Warning: redefinition of .subckt nfet_06v0_dss, ignored
Warning: redefinition of .subckt nfet_06v0_nvt, ignored
Warning: redefinition of .subckt nplus_u_m2, ignored
Warning: redefinition of .subckt nfet_03v3, ignored
Warning: redefinition of .subckt pfet_06v0_dss, ignored
Warning: redefinition of .subckt pfet_03v3, ignored
Warning: redefinition of .subckt pplus_u_m2, ignored
Warning: redefinition of .subckt nfet_05v0, ignored
Warning: redefinition of .subckt nfet_06v0_nvt, ignored
Warning: redefinition of .subckt nfet_06v0, ignored
Warning: redefinition of .subckt nfet_03v3, ignored
Warning: redefinition of .subckt pfet_05v0, ignored
Warning: redefinition of .subckt pfet_03v3, ignored
Warning: redefinition of .subckt pfet_06v0, ignored
Warning: redefinition of .subckt nfet_05v0, ignored
Netlist line no. 4:
Warning: redefinition of .subckt nfet_06v0, ignored
 Mismatch: 24 formal but 15 actual params.
Warning: redefinition of .subckt pfet_05v0, ignored
w=0.6u;l=0.28u;as=int((nf+2)/2)*w/nf*0.18u;ad=int((nf+1)/2)*w/nf*0.18u;ps=2*int((nf+2)/2)*(w/nf+0.18u);pd=2*int((nf+1)/2)*(w/nf+0.18u);nrd=0.18u/w;nrs=0.18u/w;par=1;dtemp=0;sa=0;sb=0;nf=1;sd=0;m=1;par_vth=$;par_k=$;par_l=$;par_w=$;par_leff=$;par_weff=$;p_sqrtarea=$;var_k=$;var_vth=$;
Warning: redefinition of .subckt pfet_06v0, ignored
Netlist line no. 4:
Netlist line no. 4:
Syntax error: letter [$]
 Mismatch: 24 formal but 15 actual params.
Netlist line no. 4:
w=0.6u;l=0.28u;as=int((nf+2)/2)*w/nf*0.18u;ad=int((nf+1)/2)*w/nf*0.18u;ps=2*int((nf+2)/2)*(w/nf+0.18u);pd=2*int((nf+1)/2)*(w/nf+0.18u);nrd=0.18u/w;nrs=0.18u/w;par=1;dtemp=0;sa=0;sb=0;nf=1;sd=0;m=1;par_vth=$;par_k=$;par_l=$;par_w=$;par_leff=$;par_weff=$;p_sqrtarea=$;var_k=$;var_vth=$;
 Expression err: $
Netlist line no. 4:
Netlist line no. 4:
Syntax error: letter [$]
 Formula() error.
Netlist line no. 4:
      |m=1; sd=0; nf=1; sb=0; sa=0; dtemp=0; par=1; l=0.28u; w=0.6u; as=int((nf+2)/2)*w/nf*0.18u; ad=int((nf+1)/2)*w/nf*0.18u; ps=2*int((nf+2)/2)*(w/nf+0.18u); pd=2*int((nf+1)/2)*(w/nf+0.18u); nrd=0.18u/w; nrs=0.18u/w; par_vth=$; par_k=$; par_l=$; par_w=$; par_leff=$; par_weff=$; p_sqrtarea=$; var_k=$; var_vth=$;| : |par_vth|=|$|
 Expression err: $
Netlist line no. 1573:
Netlist line no. 4:
Undefined parameter [var_vth]
 Formula() error.
Netlist line no. 1573:
      |m=1; sd=0; nf=1; sb=0; sa=0; dtemp=0; par=1; l=0.28u; w=0.6u; as=int((nf+2)/2)*w/nf*0.18u; ad=int((nf+1)/2)*w/nf*0.18u; ps=2*int((nf+2)/2)*(w/nf+0.18u); pd=2*int((nf+1)/2)*(w/nf+0.18u); nrd=0.18u/w; nrs=0.18u/w; par_vth=$; par_k=$; par_l=$; par_w=$; par_leff=$; par_weff=$; p_sqrtarea=$; var_k=$; var_vth=$;| : |par_vth|=|$|
Undefined parameter [var_k]
Netlist line no. 1573:
Netlist line no. 6:
Undefined parameter [var_vth]
 Mismatch: 24 formal but 15 actual params.
Netlist line no. 1573:
w=1.2u;l=0.28u;as=int((nf+2)/2)*w/nf*0.18u;ad=int((nf+1)/2)*w/nf*0.18u;ps=2*int((nf+2)/2)*(w/nf+0.18u);pd=2*int((nf+1)/2)*(w/nf+0.18u);nrd=0.18u/w;nrs=0.18u/w;par=1;dtemp=0;sa=0;sb=0;nf=1;sd=0;m=1;par_vth=$;par_k=$;par_l=$;par_w=$;par_leff=$;par_weff=$;p_sqrtarea=$;var_k=$;var_vth=$;
Undefined parameter [var_k]
Netlist line no. 6:
Netlist line no. 6:
Syntax error: letter [$]
 Mismatch: 24 formal but 15 actual params.
Netlist line no. 6:
w=1.2u;l=0.28u;as=int((nf+2)/2)*w/nf*0.18u;ad=int((nf+1)/2)*w/nf*0.18u;ps=2*int((nf+2)/2)*(w/nf+0.18u);pd=2*int((nf+1)/2)*(w/nf+0.18u);nrd=0.18u/w;nrs=0.18u/w;par=1;dtemp=0;sa=0;sb=0;nf=1;sd=0;m=1;par_vth=$;par_k=$;par_l=$;par_w=$;par_leff=$;par_weff=$;p_sqrtarea=$;var_k=$;var_vth=$;
 Expression err: $
Netlist line no. 6:
Netlist line no. 6:
Syntax error: letter [$]
 Formula() error.
Netlist line no. 6:
      |m=1; sd=0; nf=1; sb=0; sa=0; dtemp=0; par=1; l=0.28u; w=1.2u; as=int((nf+2)/2)*w/nf*0.18u; ad=int((nf+1)/2)*w/nf*0.18u; ps=2*int((nf+2)/2)*(w/nf+0.18u); pd=2*int((nf+1)/2)*(w/nf+0.18u); nrd=0.18u/w; nrs=0.18u/w; par_vth=$; par_k=$; par_l=$; par_w=$; par_leff=$; par_weff=$; p_sqrtarea=$; var_k=$; var_vth=$;| : |par_vth|=|$|
 Expression err: $
Netlist line no. 1580:
Netlist line no. 6:
Undefined parameter [var_vth]
 Formula() error.
Netlist line no. 1580:
      |m=1; sd=0; nf=1; sb=0; sa=0; dtemp=0; par=1; l=0.28u; w=1.2u; as=int((nf+2)/2)*w/nf*0.18u; ad=int((nf+1)/2)*w/nf*0.18u; ps=2*int((nf+2)/2)*(w/nf+0.18u); pd=2*int((nf+1)/2)*(w/nf+0.18u); nrd=0.18u/w; nrs=0.18u/w; par_vth=$; par_k=$; par_l=$; par_w=$; par_leff=$; par_weff=$; p_sqrtarea=$; var_k=$; var_vth=$;| : |par_vth|=|$|
Undefined parameter [var_k]
Netlist line no. 1580:
Netlist line no. 5:
Undefined parameter [var_vth]
Undefined parameter [vdd]
Netlist line no. 1580:
Netlist line no. 5:
Undefined parameter [var_k]
Cannot compute substitute
Netlist line no. 5:

Undefined parameter [vdd]
ERROR: fatal error in ngspice, exit(1)
Netlist line no. 5:
Cannot compute substitute

ERROR: fatal error in ngspice, exit(1)
Subprocess exited with error code 1
Error output generated by subprocess:
Error opening code model "../lib/ngspice/spice2poly.cm"
Subprocess exited with error code 1
: ../lib/ngspice/spice2poly.cm: cannot open shared object file: No such file or directory
Error output generated by subprocess:
Error: Library ../lib/ngspice/spice2poly.cm couldn't be loaded!
Error opening code model "../lib/ngspice/spice2poly.cm"
Error opening code model "../lib/ngspice/analog.cm"
: ../lib/ngspice/spice2poly.cm: cannot open shared object file: No such file or directory
: ../lib/ngspice/analog.cm: cannot open shared object file: No such file or directory
Error: Library ../lib/ngspice/spice2poly.cm couldn't be loaded!
Error: Library ../lib/ngspice/analog.cm couldn't be loaded!
Error opening code model "../lib/ngspice/analog.cm"
Error opening code model "../lib/ngspice/digital.cm"
: ../lib/ngspice/analog.cm: cannot open shared object file: No such file or directory
: ../lib/ngspice/digital.cm: cannot open shared object file: No such file or directory
Error: Library ../lib/ngspice/analog.cm couldn't be loaded!
Error: Library ../lib/ngspice/digital.cm couldn't be loaded!
Error opening code model "../lib/ngspice/digital.cm"
Error opening code model "../lib/ngspice/xtradev.cm"
: ../lib/ngspice/digital.cm: cannot open shared object file: No such file or directory
: ../lib/ngspice/xtradev.cm: cannot open shared object file: No such file or directory
Error: Library ../lib/ngspice/digital.cm couldn't be loaded!
Error: Library ../lib/ngspice/xtradev.cm couldn't be loaded!
Error opening code model "../lib/ngspice/xtradev.cm"
Error opening code model "../lib/ngspice/xtraevt.cm"
: ../lib/ngspice/xtradev.cm: cannot open shared object file: No such file or directory
: ../lib/ngspice/xtraevt.cm: cannot open shared object file: No such file or directory
Error: Library ../lib/ngspice/xtradev.cm couldn't be loaded!
Error: Library ../lib/ngspice/xtraevt.cm couldn't be loaded!
Error opening code model "../lib/ngspice/xtraevt.cm"
Error opening code model "../lib/ngspice/table.cm"
: ../lib/ngspice/xtraevt.cm: cannot open shared object file: No such file or directory
: ../lib/ngspice/table.cm: cannot open shared object file: No such file or directory
Error: Library ../lib/ngspice/xtraevt.cm couldn't be loaded!
Error: Library ../lib/ngspice/table.cm couldn't be loaded!
Error opening code model "../lib/ngspice/table.cm"
Warning: redefinition of .subckt nfet_03v3_dss, ignored
: ../lib/ngspice/table.cm: cannot open shared object file: No such file or directory
Warning: redefinition of .subckt nplus_u_m1, ignored
Error: Library ../lib/ngspice/table.cm couldn't be loaded!
Warning: redefinition of .subckt pfet_03v3_dss, ignored
Warning: redefinition of .subckt nfet_03v3_dss, ignored
Warning: redefinition of .subckt pplus_u_m1, ignored
Warning: redefinition of .subckt nplus_u_m1, ignored
Warning: redefinition of .subckt nfet_06v0_dss, ignored
Warning: redefinition of .subckt pfet_03v3_dss, ignored
Warning: redefinition of .subckt nplus_u_m2, ignored
Warning: redefinition of .subckt pplus_u_m1, ignored
Warning: redefinition of .subckt pfet_06v0_dss, ignored
Warning: redefinition of .subckt nfet_06v0_dss, ignored
Warning: redefinition of .subckt pplus_u_m2, ignored
Warning: redefinition of .subckt nplus_u_m2, ignored
Warning: redefinition of .subckt nfet_06v0_nvt, ignored
Warning: redefinition of .subckt pfet_06v0_dss, ignored
Warning: redefinition of .subckt nfet_03v3, ignored
Warning: redefinition of .subckt pplus_u_m2, ignored
Warning: redefinition of .subckt pfet_03v3, ignored
Warning: redefinition of .subckt nfet_06v0_nvt, ignored
Warning: redefinition of .subckt nfet_05v0, ignored
Warning: redefinition of .subckt nfet_03v3, ignored
Warning: redefinition of .subckt nfet_06v0, ignored
Warning: redefinition of .subckt pfet_03v3, ignored
Warning: redefinition of .subckt pfet_05v0, ignored
Warning: redefinition of .subckt nfet_05v0, ignored
Warning: redefinition of .subckt pfet_06v0, ignored
Warning: redefinition of .subckt nfet_06v0, ignored
Netlist line no. 4:
Warning: redefinition of .subckt pfet_05v0, ignored
 Mismatch: 24 formal but 15 actual params.
Warning: redefinition of .subckt pfet_06v0, ignored
w=0.6u;l=0.28u;as=int((nf+2)/2)*w/nf*0.18u;ad=int((nf+1)/2)*w/nf*0.18u;ps=2*int((nf+2)/2)*(w/nf+0.18u);pd=2*int((nf+1)/2)*(w/nf+0.18u);nrd=0.18u/w;nrs=0.18u/w;par=1;dtemp=0;sa=0;sb=0;nf=1;sd=0;m=1;par_vth=$;par_k=$;par_l=$;par_w=$;par_leff=$;par_weff=$;p_sqrtarea=$;var_k=$;var_vth=$;
Netlist line no. 4:
Netlist line no. 4:
Undefined parameter [vdd]
Syntax error: letter [$]
Netlist line no. 4:
Netlist line no. 4:
Cannot compute substitute
 Expression err: $
Netlist line no. 4:
Netlist line no. 4:
 Mismatch: 24 formal but 15 actual params.
 Formula() error.
w=0.6u;l=0.28u;as=int((nf+2)/2)*w/nf*0.18u;ad=int((nf+1)/2)*w/nf*0.18u;ps=2*int((nf+2)/2)*(w/nf+0.18u);pd=2*int((nf+1)/2)*(w/nf+0.18u);nrd=0.18u/w;nrs=0.18u/w;par=1;dtemp=0;sa=0;sb=0;nf=1;sd=0;m=1;par_vth=$;par_k=$;par_l=$;par_w=$;par_leff=$;par_weff=$;p_sqrtarea=$;var_k=$;var_vth=$;
      |m=1; sd=0; nf=1; sb=0; sa=0; dtemp=0; par=1; l=0.28u; w=0.6u; as=int((nf+2)/2)*w/nf*0.18u; ad=int((nf+1)/2)*w/nf*0.18u; ps=2*int((nf+2)/2)*(w/nf+0.18u); pd=2*int((nf+1)/2)*(w/nf+0.18u); nrd=0.18u/w; nrs=0.18u/w; par_vth=$; par_k=$; par_l=$; par_w=$; par_leff=$; par_weff=$; p_sqrtarea=$; var_k=$; var_vth=$;| : |par_vth|=|$|
Netlist line no. 4:
Netlist line no. 1573:
Syntax error: letter [$]
Undefined parameter [var_vth]
Netlist line no. 4:
Netlist line no. 1573:
 Expression err: $
Undefined parameter [var_k]
Netlist line no. 4:
Netlist line no. 6:
 Formula() error.
 Mismatch: 24 formal but 15 actual params.
      |m=1; sd=0; nf=1; sb=0; sa=0; dtemp=0; par=1; l=0.28u; w=0.6u; as=int((nf+2)/2)*w/nf*0.18u; ad=int((nf+1)/2)*w/nf*0.18u; ps=2*int((nf+2)/2)*(w/nf+0.18u); pd=2*int((nf+1)/2)*(w/nf+0.18u); nrd=0.18u/w; nrs=0.18u/w; par_vth=$; par_k=$; par_l=$; par_w=$; par_leff=$; par_weff=$; p_sqrtarea=$; var_k=$; var_vth=$;| : |par_vth|=|$|
w=1.2u;l=0.28u;as=int((nf+2)/2)*w/nf*0.18u;ad=int((nf+1)/2)*w/nf*0.18u;ps=2*int((nf+2)/2)*(w/nf+0.18u);pd=2*int((nf+1)/2)*(w/nf+0.18u);nrd=0.18u/w;nrs=0.18u/w;par=1;dtemp=0;sa=0;sb=0;nf=1;sd=0;m=1;par_vth=$;par_k=$;par_l=$;par_w=$;par_leff=$;par_weff=$;p_sqrtarea=$;var_k=$;var_vth=$;
Netlist line no. 1573:
Netlist line no. 6:
Undefined parameter [var_vth]
Syntax error: letter [$]
Netlist line no. 1573:
Netlist line no. 6:
Undefined parameter [var_k]
 Expression err: $
Netlist line no. 6:
Netlist line no. 6:
 Mismatch: 24 formal but 15 actual params.
 Formula() error.
w=1.2u;l=0.28u;as=int((nf+2)/2)*w/nf*0.18u;ad=int((nf+1)/2)*w/nf*0.18u;ps=2*int((nf+2)/2)*(w/nf+0.18u);pd=2*int((nf+1)/2)*(w/nf+0.18u);nrd=0.18u/w;nrs=0.18u/w;par=1;dtemp=0;sa=0;sb=0;nf=1;sd=0;m=1;par_vth=$;par_k=$;par_l=$;par_w=$;par_leff=$;par_weff=$;p_sqrtarea=$;var_k=$;var_vth=$;
      |m=1; sd=0; nf=1; sb=0; sa=0; dtemp=0; par=1; l=0.28u; w=1.2u; as=int((nf+2)/2)*w/nf*0.18u; ad=int((nf+1)/2)*w/nf*0.18u; ps=2*int((nf+2)/2)*(w/nf+0.18u); pd=2*int((nf+1)/2)*(w/nf+0.18u); nrd=0.18u/w; nrs=0.18u/w; par_vth=$; par_k=$; par_l=$; par_w=$; par_leff=$; par_weff=$; p_sqrtarea=$; var_k=$; var_vth=$;| : |par_vth|=|$|
Netlist line no. 6:
Netlist line no. 1580:
Syntax error: letter [$]
Undefined parameter [var_vth]
Netlist line no. 6:
Netlist line no. 1580:
 Expression err: $
Undefined parameter [var_k]
Netlist line no. 6:
Netlist line no. 5:
 Formula() error.
Undefined parameter [vdd]
      |m=1; sd=0; nf=1; sb=0; sa=0; dtemp=0; par=1; l=0.28u; w=1.2u; as=int((nf+2)/2)*w/nf*0.18u; ad=int((nf+1)/2)*w/nf*0.18u; ps=2*int((nf+2)/2)*(w/nf+0.18u); pd=2*int((nf+1)/2)*(w/nf+0.18u); nrd=0.18u/w; nrs=0.18u/w; par_vth=$; par_k=$; par_l=$; par_w=$; par_leff=$; par_weff=$; p_sqrtarea=$; var_k=$; var_vth=$;| : |par_vth|=|$|
Netlist line no. 5:
Netlist line no. 1580:
Cannot compute substitute
Undefined parameter [var_vth]

Netlist line no. 1580:
ERROR: fatal error in ngspice, exit(1)
Undefined parameter [var_k]

ERROR: fatal error in ngspice, exit(1)
Subprocess exited with error code 1
Subprocess exited with error code 1
Error output generated by subprocess:
Error output generated by subprocess:
Error opening code model "../lib/ngspice/spice2poly.cm"
Error opening code model "../lib/ngspice/spice2poly.cm"
: ../lib/ngspice/spice2poly.cm: cannot open shared object file: No such file or directory
: ../lib/ngspice/spice2poly.cm: cannot open shared object file: No such file or directory
Error: Library ../lib/ngspice/spice2poly.cm couldn't be loaded!
Error: Library ../lib/ngspice/spice2poly.cm couldn't be loaded!
Error opening code model "../lib/ngspice/analog.cm"
Error opening code model "../lib/ngspice/analog.cm"
: ../lib/ngspice/analog.cm: cannot open shared object file: No such file or directory
: ../lib/ngspice/analog.cm: cannot open shared object file: No such file or directory
Error: Library ../lib/ngspice/analog.cm couldn't be loaded!
Error: Library ../lib/ngspice/analog.cm couldn't be loaded!
Error opening code model "../lib/ngspice/digital.cm"
Error opening code model "../lib/ngspice/digital.cm"
: ../lib/ngspice/digital.cm: cannot open shared object file: No such file or directory
: ../lib/ngspice/digital.cm: cannot open shared object file: No such file or directory
Error: Library ../lib/ngspice/digital.cm couldn't be loaded!
Error: Library ../lib/ngspice/digital.cm couldn't be loaded!
Error opening code model "../lib/ngspice/xtradev.cm"
Error opening code model "../lib/ngspice/xtradev.cm"
: ../lib/ngspice/xtradev.cm: cannot open shared object file: No such file or directory
: ../lib/ngspice/xtradev.cm: cannot open shared object file: No such file or directory
Error: Library ../lib/ngspice/xtradev.cm couldn't be loaded!
Error: Library ../lib/ngspice/xtradev.cm couldn't be loaded!
Error opening code model "../lib/ngspice/xtraevt.cm"
Error opening code model "../lib/ngspice/xtraevt.cm"
: ../lib/ngspice/xtraevt.cm: cannot open shared object file: No such file or directory
: ../lib/ngspice/xtraevt.cm: cannot open shared object file: No such file or directory
Error: Library ../lib/ngspice/xtraevt.cm couldn't be loaded!
Error: Library ../lib/ngspice/xtraevt.cm couldn't be loaded!
Error opening code model "../lib/ngspice/table.cm"
Error opening code model "../lib/ngspice/table.cm"
: ../lib/ngspice/table.cm: cannot open shared object file: No such file or directory
: ../lib/ngspice/table.cm: cannot open shared object file: No such file or directory
Error: Library ../lib/ngspice/table.cm couldn't be loaded!
Error: Library ../lib/ngspice/table.cm couldn't be loaded!
Warning: redefinition of .subckt nfet_03v3_dss, ignored
Warning: redefinition of .subckt nfet_03v3_dss, ignored
Warning: redefinition of .subckt nplus_u_m1, ignored
Warning: redefinition of .subckt nplus_u_m1, ignored
Warning: redefinition of .subckt pfet_03v3_dss, ignored
Warning: redefinition of .subckt pfet_03v3_dss, ignored
Warning: redefinition of .subckt pplus_u_m1, ignored
Warning: redefinition of .subckt pplus_u_m1, ignored
Warning: redefinition of .subckt nfet_06v0_dss, ignored
Warning: redefinition of .subckt nfet_06v0_dss, ignored
Warning: redefinition of .subckt nplus_u_m2, ignored
Warning: redefinition of .subckt nplus_u_m2, ignored
Warning: redefinition of .subckt pfet_06v0_dss, ignored
Warning: redefinition of .subckt pfet_06v0_dss, ignored
Warning: redefinition of .subckt pplus_u_m2, ignored
Warning: redefinition of .subckt pplus_u_m2, ignored
Warning: redefinition of .subckt nfet_06v0_nvt, ignored
Warning: redefinition of .subckt nfet_06v0_nvt, ignored
Warning: redefinition of .subckt nfet_03v3, ignored
Warning: redefinition of .subckt nfet_03v3, ignored
Warning: redefinition of .subckt pfet_03v3, ignored
Warning: redefinition of .subckt pfet_03v3, ignored
Warning: redefinition of .subckt nfet_05v0, ignored
Warning: redefinition of .subckt nfet_05v0, ignored
Warning: redefinition of .subckt nfet_06v0, ignored
Warning: redefinition of .subckt nfet_06v0, ignored
Warning: redefinition of .subckt pfet_05v0, ignored
Warning: redefinition of .subckt pfet_05v0, ignored
Warning: redefinition of .subckt pfet_06v0, ignored
Warning: redefinition of .subckt pfet_06v0, ignored
Netlist line no. 4:
Netlist line no. 4:
 Mismatch: 24 formal but 15 actual params.
 Mismatch: 24 formal but 15 actual params.
w=0.6u;l=0.28u;as=int((nf+2)/2)*w/nf*0.18u;ad=int((nf+1)/2)*w/nf*0.18u;ps=2*int((nf+2)/2)*(w/nf+0.18u);pd=2*int((nf+1)/2)*(w/nf+0.18u);nrd=0.18u/w;nrs=0.18u/w;par=1;dtemp=0;sa=0;sb=0;nf=1;sd=0;m=1;par_vth=$;par_k=$;par_l=$;par_w=$;par_leff=$;par_weff=$;p_sqrtarea=$;var_k=$;var_vth=$;
w=0.6u;l=0.28u;as=int((nf+2)/2)*w/nf*0.18u;ad=int((nf+1)/2)*w/nf*0.18u;ps=2*int((nf+2)/2)*(w/nf+0.18u);pd=2*int((nf+1)/2)*(w/nf+0.18u);nrd=0.18u/w;nrs=0.18u/w;par=1;dtemp=0;sa=0;sb=0;nf=1;sd=0;m=1;par_vth=$;par_k=$;par_l=$;par_w=$;par_leff=$;par_weff=$;p_sqrtarea=$;var_k=$;var_vth=$;
Netlist line no. 4:
Netlist line no. 4:
Syntax error: letter [$]
Syntax error: letter [$]
Netlist line no. 4:
Netlist line no. 4:
 Expression err: $
 Expression err: $
Netlist line no. 4:
Netlist line no. 4:
 Formula() error.
 Formula() error.
      |m=1; sd=0; nf=1; sb=0; sa=0; dtemp=0; par=1; l=0.28u; w=0.6u; as=int((nf+2)/2)*w/nf*0.18u; ad=int((nf+1)/2)*w/nf*0.18u; ps=2*int((nf+2)/2)*(w/nf+0.18u); pd=2*int((nf+1)/2)*(w/nf+0.18u); nrd=0.18u/w; nrs=0.18u/w; par_vth=$; par_k=$; par_l=$; par_w=$; par_leff=$; par_weff=$; p_sqrtarea=$; var_k=$; var_vth=$;| : |par_vth|=|$|
      |m=1; sd=0; nf=1; sb=0; sa=0; dtemp=0; par=1; l=0.28u; w=0.6u; as=int((nf+2)/2)*w/nf*0.18u; ad=int((nf+1)/2)*w/nf*0.18u; ps=2*int((nf+2)/2)*(w/nf+0.18u); pd=2*int((nf+1)/2)*(w/nf+0.18u); nrd=0.18u/w; nrs=0.18u/w; par_vth=$; par_k=$; par_l=$; par_w=$; par_leff=$; par_weff=$; p_sqrtarea=$; var_k=$; var_vth=$;| : |par_vth|=|$|
Netlist line no. 1573:
Netlist line no. 1573:
Undefined parameter [var_vth]
Undefined parameter [var_vth]
Netlist line no. 1573:
Netlist line no. 1573:
Undefined parameter [var_k]
Undefined parameter [var_k]
Netlist line no. 6:
Netlist line no. 6:
 Mismatch: 24 formal but 15 actual params.
 Mismatch: 24 formal but 15 actual params.
w=1.2u;l=0.28u;as=int((nf+2)/2)*w/nf*0.18u;ad=int((nf+1)/2)*w/nf*0.18u;ps=2*int((nf+2)/2)*(w/nf+0.18u);pd=2*int((nf+1)/2)*(w/nf+0.18u);nrd=0.18u/w;nrs=0.18u/w;par=1;dtemp=0;sa=0;sb=0;nf=1;sd=0;m=1;par_vth=$;par_k=$;par_l=$;par_w=$;par_leff=$;par_weff=$;p_sqrtarea=$;var_k=$;var_vth=$;
w=1.2u;l=0.28u;as=int((nf+2)/2)*w/nf*0.18u;ad=int((nf+1)/2)*w/nf*0.18u;ps=2*int((nf+2)/2)*(w/nf+0.18u);pd=2*int((nf+1)/2)*(w/nf+0.18u);nrd=0.18u/w;nrs=0.18u/w;par=1;dtemp=0;sa=0;sb=0;nf=1;sd=0;m=1;par_vth=$;par_k=$;par_l=$;par_w=$;par_leff=$;par_weff=$;p_sqrtarea=$;var_k=$;var_vth=$;
Netlist line no. 6:
Netlist line no. 6:
Syntax error: letter [$]
Syntax error: letter [$]
Netlist line no. 6:
Netlist line no. 6:
 Expression err: $
 Expression err: $
Netlist line no. 6:
Netlist line no. 6:
 Formula() error.
 Formula() error.
      |m=1; sd=0; nf=1; sb=0; sa=0; dtemp=0; par=1; l=0.28u; w=1.2u; as=int((nf+2)/2)*w/nf*0.18u; ad=int((nf+1)/2)*w/nf*0.18u; ps=2*int((nf+2)/2)*(w/nf+0.18u); pd=2*int((nf+1)/2)*(w/nf+0.18u); nrd=0.18u/w; nrs=0.18u/w; par_vth=$; par_k=$; par_l=$; par_w=$; par_leff=$; par_weff=$; p_sqrtarea=$; var_k=$; var_vth=$;| : |par_vth|=|$|
      |m=1; sd=0; nf=1; sb=0; sa=0; dtemp=0; par=1; l=0.28u; w=1.2u; as=int((nf+2)/2)*w/nf*0.18u; ad=int((nf+1)/2)*w/nf*0.18u; ps=2*int((nf+2)/2)*(w/nf+0.18u); pd=2*int((nf+1)/2)*(w/nf+0.18u); nrd=0.18u/w; nrs=0.18u/w; par_vth=$; par_k=$; par_l=$; par_w=$; par_leff=$; par_weff=$; p_sqrtarea=$; var_k=$; var_vth=$;| : |par_vth|=|$|
Netlist line no. 1580:
Netlist line no. 1580:
Undefined parameter [var_vth]
Undefined parameter [var_vth]
Netlist line no. 1580:
Netlist line no. 1580:
Undefined parameter [var_k]
Undefined parameter [var_k]
Netlist line no. 5:
Netlist line no. 5:
Undefined parameter [vdd]
Undefined parameter [vdd]
Netlist line no. 5:
Netlist line no. 5:
Cannot compute substitute
Cannot compute substitute


ERROR: fatal error in ngspice, exit(1)
ERROR: fatal error in ngspice, exit(1)
Subprocess exited with error code 1
Error output generated by subprocess:
Error opening code model "../lib/ngspice/spice2poly.cm"
Subprocess exited with error code 1
: ../lib/ngspice/spice2poly.cm: cannot open shared object file: No such file or directory
Error output generated by subprocess:
Error: Library ../lib/ngspice/spice2poly.cm couldn't be loaded!
Error opening code model "../lib/ngspice/spice2poly.cm"
Error opening code model "../lib/ngspice/analog.cm"
: ../lib/ngspice/spice2poly.cm: cannot open shared object file: No such file or directory
: ../lib/ngspice/analog.cm: cannot open shared object file: No such file or directory
Error: Library ../lib/ngspice/spice2poly.cm couldn't be loaded!
Error: Library ../lib/ngspice/analog.cm couldn't be loaded!
Error opening code model "../lib/ngspice/analog.cm"
Error opening code model "../lib/ngspice/digital.cm"
: ../lib/ngspice/analog.cm: cannot open shared object file: No such file or directory
: ../lib/ngspice/digital.cm: cannot open shared object file: No such file or directory
Error: Library ../lib/ngspice/analog.cm couldn't be loaded!
Error: Library ../lib/ngspice/digital.cm couldn't be loaded!
Error opening code model "../lib/ngspice/digital.cm"
Error opening code model "../lib/ngspice/xtradev.cm"
: ../lib/ngspice/digital.cm: cannot open shared object file: No such file or directory
: ../lib/ngspice/xtradev.cm: cannot open shared object file: No such file or directory
Error: Library ../lib/ngspice/digital.cm couldn't be loaded!
Error: Library ../lib/ngspice/xtradev.cm couldn't be loaded!
Error opening code model "../lib/ngspice/xtradev.cm"
Error opening code model "../lib/ngspice/xtraevt.cm"
: ../lib/ngspice/xtradev.cm: cannot open shared object file: No such file or directory
: ../lib/ngspice/xtraevt.cm: cannot open shared object file: No such file or directory
Error: Library ../lib/ngspice/xtradev.cm couldn't be loaded!
Error: Library ../lib/ngspice/xtraevt.cm couldn't be loaded!
Error opening code model "../lib/ngspice/xtraevt.cm"
Error opening code model "../lib/ngspice/table.cm"
: ../lib/ngspice/xtraevt.cm: cannot open shared object file: No such file or directory
: ../lib/ngspice/table.cm: cannot open shared object file: No such file or directory
Error: Library ../lib/ngspice/xtraevt.cm couldn't be loaded!
Error: Library ../lib/ngspice/table.cm couldn't be loaded!
Error opening code model "../lib/ngspice/table.cm"
ERROR, library file /home/subhransu/share/pdk/gf180mcuD/libs.tech/ngspice/sm141064.ngspice, section definition tt not found
: ../lib/ngspice/table.cm: cannot open shared object file: No such file or directory

Error: Library ../lib/ngspice/table.cm couldn't be loaded!
ERROR: fatal error in ngspice, exit(1)
ERROR, library file /home/subhransu/share/pdk/gf180mcuD/libs.tech/ngspice/sm141064.ngspice, section definition tt not found

ERROR: fatal error in ngspice, exit(1)
Subprocess exited with error code 1
Error output generated by subprocess:
Subprocess exited with error code 1
Error opening code model "../lib/ngspice/spice2poly.cm"
Error output generated by subprocess:
: ../lib/ngspice/spice2poly.cm: cannot open shared object file: No such file or directory
Error opening code model "../lib/ngspice/spice2poly.cm"
Error: Library ../lib/ngspice/spice2poly.cm couldn't be loaded!
: ../lib/ngspice/spice2poly.cm: cannot open shared object file: No such file or directory
Error opening code model "../lib/ngspice/analog.cm"
Error: Library ../lib/ngspice/spice2poly.cm couldn't be loaded!
: ../lib/ngspice/analog.cm: cannot open shared object file: No such file or directory
Error opening code model "../lib/ngspice/analog.cm"
Error: Library ../lib/ngspice/analog.cm couldn't be loaded!
: ../lib/ngspice/analog.cm: cannot open shared object file: No such file or directory
Error opening code model "../lib/ngspice/digital.cm"
Error: Library ../lib/ngspice/analog.cm couldn't be loaded!
: ../lib/ngspice/digital.cm: cannot open shared object file: No such file or directory
Error opening code model "../lib/ngspice/digital.cm"
Error: Library ../lib/ngspice/digital.cm couldn't be loaded!
: ../lib/ngspice/digital.cm: cannot open shared object file: No such file or directory
Error opening code model "../lib/ngspice/xtradev.cm"
Error: Library ../lib/ngspice/digital.cm couldn't be loaded!
: ../lib/ngspice/xtradev.cm: cannot open shared object file: No such file or directory
Error opening code model "../lib/ngspice/xtradev.cm"
Error: Library ../lib/ngspice/xtradev.cm couldn't be loaded!
: ../lib/ngspice/xtradev.cm: cannot open shared object file: No such file or directory
Error opening code model "../lib/ngspice/xtraevt.cm"
Error: Library ../lib/ngspice/xtradev.cm couldn't be loaded!
: ../lib/ngspice/xtraevt.cm: cannot open shared object file: No such file or directory
Error opening code model "../lib/ngspice/xtraevt.cm"
Error: Library ../lib/ngspice/xtraevt.cm couldn't be loaded!
: ../lib/ngspice/xtraevt.cm: cannot open shared object file: No such file or directory
Error opening code model "../lib/ngspice/table.cm"
Error: Library ../lib/ngspice/xtraevt.cm couldn't be loaded!
: ../lib/ngspice/table.cm: cannot open shared object file: No such file or directory
Error opening code model "../lib/ngspice/table.cm"
Error: Library ../lib/ngspice/table.cm couldn't be loaded!
: ../lib/ngspice/table.cm: cannot open shared object file: No such file or directory
ERROR, library file /home/subhransu/share/pdk/gf180mcuD/libs.tech/ngspice/sm141064.ngspice, section definition tt not found
Error: Library ../lib/ngspice/table.cm couldn't be loaded!

ERROR, library file /home/subhransu/share/pdk/gf180mcuD/libs.tech/ngspice/sm141064.ngspice, section definition tt not found
ERROR: fatal error in ngspice, exit(1)

ERROR: fatal error in ngspice, exit(1)
Subprocess exited with error code 1
Error output generated by subprocess:
Error opening code model "../lib/ngspice/spice2poly.cm"
: ../lib/ngspice/spice2poly.cm: cannot open shared object file: No such file or directory
Error: Library ../lib/ngspice/spice2poly.cm couldn't be loaded!
Error opening code model "../lib/ngspice/analog.cm"
: ../lib/ngspice/analog.cm: cannot open shared object file: No such file or directory
Error: Library ../lib/ngspice/analog.cm couldn't be loaded!
Error opening code model "../lib/ngspice/digital.cm"
: ../lib/ngspice/digital.cm: cannot open shared object file: No such file or directory
Error: Library ../lib/ngspice/digital.cm couldn't be loaded!
Error opening code model "../lib/ngspice/xtradev.cm"
: ../lib/ngspice/xtradev.cm: cannot open shared object file: No such file or directory
Error: Library ../lib/ngspice/xtradev.cm couldn't be loaded!
Error opening code model "../lib/ngspice/xtraevt.cm"
: ../lib/ngspice/xtraevt.cm: cannot open shared object file: No such file or directory
Error: Library ../lib/ngspice/xtraevt.cm couldn't be loaded!
Error opening code model "../lib/ngspice/table.cm"
: ../lib/ngspice/table.cm: cannot open shared object file: No such file or directory
Error: Library ../lib/ngspice/table.cm couldn't be loaded!
Warning: redefinition of .subckt nfet_03v3_dss, ignored
Warning: redefinition of .subckt nplus_u_m1, ignored
Warning: redefinition of .subckt pfet_03v3_dss, ignored
Warning: redefinition of .subckt pplus_u_m1, ignored
Warning: redefinition of .subckt nfet_06v0_dss, ignored
Warning: redefinition of .subckt nplus_u_m2, ignored
Warning: redefinition of .subckt pfet_06v0_dss, ignored
Warning: redefinition of .subckt pplus_u_m2, ignored
Warning: redefinition of .subckt nfet_06v0_nvt, ignored
Warning: redefinition of .subckt nfet_03v3, ignored
Warning: redefinition of .subckt pfet_03v3, ignored
Warning: redefinition of .subckt nfet_05v0, ignored
Warning: redefinition of .subckt nfet_06v0, ignored
Warning: redefinition of .subckt pfet_05v0, ignored
Warning: redefinition of .subckt pfet_06v0, ignored
Netlist line no. 4:
Undefined parameter [vdd]
Netlist line no. 4:
Cannot compute substitute
Netlist line no. 4:
 Mismatch: 24 formal but 15 actual params.
w=0.6u;l=0.28u;as=int((nf+2)/2)*w/nf*0.18u;ad=int((nf+1)/2)*w/nf*0.18u;ps=2*int((nf+2)/2)*(w/nf+0.18u);pd=2*int((nf+1)/2)*(w/nf+0.18u);nrd=0.18u/w;nrs=0.18u/w;par=1;dtemp=0;sa=0;sb=0;nf=1;sd=0;m=1;par_vth=$;par_k=$;par_l=$;par_w=$;par_leff=$;par_weff=$;p_sqrtarea=$;var_k=$;var_vth=$;
Netlist line no. 4:
Syntax error: letter [$]
Netlist line no. 4:
 Expression err: $
Netlist line no. 4:
 Formula() error.
      |m=1; sd=0; nf=1; sb=0; sa=0; dtemp=0; par=1; l=0.28u; w=0.6u; as=int((nf+2)/2)*w/nf*0.18u; ad=int((nf+1)/2)*w/nf*0.18u; ps=2*int((nf+2)/2)*(w/nf+0.18u); pd=2*int((nf+1)/2)*(w/nf+0.18u); nrd=0.18u/w; nrs=0.18u/w; par_vth=$; par_k=$; par_l=$; par_w=$; par_leff=$; par_weff=$; p_sqrtarea=$; var_k=$; var_vth=$;| : |par_vth|=|$|
Netlist line no. 1573:
Undefined parameter [var_vth]
Netlist line no. 1573:
Undefined parameter [var_k]
Netlist line no. 6:
 Mismatch: 24 formal but 15 actual params.
w=1.2u;l=0.28u;as=int((nf+2)/2)*w/nf*0.18u;ad=int((nf+1)/2)*w/nf*0.18u;ps=2*int((nf+2)/2)*(w/nf+0.18u);pd=2*int((nf+1)/2)*(w/nf+0.18u);nrd=0.18u/w;nrs=0.18u/w;par=1;dtemp=0;sa=0;sb=0;nf=1;sd=0;m=1;par_vth=$;par_k=$;par_l=$;par_w=$;par_leff=$;par_weff=$;p_sqrtarea=$;var_k=$;var_vth=$;
Netlist line no. 6:
Syntax error: letter [$]
Netlist line no. 6:
 Expression err: $
Netlist line no. 6:
 Formula() error.
      |m=1; sd=0; nf=1; sb=0; sa=0; dtemp=0; par=1; l=0.28u; w=1.2u; as=int((nf+2)/2)*w/nf*0.18u; ad=int((nf+1)/2)*w/nf*0.18u; ps=2*int((nf+2)/2)*(w/nf+0.18u); pd=2*int((nf+1)/2)*(w/nf+0.18u); nrd=0.18u/w; nrs=0.18u/w; par_vth=$; par_k=$; par_l=$; par_w=$; par_leff=$; par_weff=$; p_sqrtarea=$; var_k=$; var_vth=$;| : |par_vth|=|$|
Netlist line no. 1580:
Undefined parameter [var_vth]
Netlist line no. 1580:
Undefined parameter [var_k]

ERROR: fatal error in ngspice, exit(1)
