Running parameters: dc_response
Generating simulation netlist from schematic…
Parameter dc_response: Generating simulation files…
Parameter dc_response: Running simulations…
Subprocess exited with error code 1
Error output generated by subprocess:
Subprocess exited with error code 1
Error opening code model "../lib/ngspice/spice2poly.cm"
Error output generated by subprocess:
: ../lib/ngspice/spice2poly.cm: cannot open shared object file: No such file or directory
Error opening code model "../lib/ngspice/spice2poly.cm"
Error: Library ../lib/ngspice/spice2poly.cm couldn't be loaded!
: ../lib/ngspice/spice2poly.cm: cannot open shared object file: No such file or directory
Error opening code model "../lib/ngspice/analog.cm"
Error: Library ../lib/ngspice/spice2poly.cm couldn't be loaded!
: ../lib/ngspice/analog.cm: cannot open shared object file: No such file or directory
Error opening code model "../lib/ngspice/analog.cm"
Error: Library ../lib/ngspice/analog.cm couldn't be loaded!
: ../lib/ngspice/analog.cm: cannot open shared object file: No such file or directory
Error opening code model "../lib/ngspice/digital.cm"
Error: Library ../lib/ngspice/analog.cm couldn't be loaded!
: ../lib/ngspice/digital.cm: cannot open shared object file: No such file or directory
Error opening code model "../lib/ngspice/digital.cm"
Error: Library ../lib/ngspice/digital.cm couldn't be loaded!
: ../lib/ngspice/digital.cm: cannot open shared object file: No such file or directory
Error opening code model "../lib/ngspice/xtradev.cm"
Error: Library ../lib/ngspice/digital.cm couldn't be loaded!
: ../lib/ngspice/xtradev.cm: cannot open shared object file: No such file or directory
Error opening code model "../lib/ngspice/xtradev.cm"
Error: Library ../lib/ngspice/xtradev.cm couldn't be loaded!
: ../lib/ngspice/xtradev.cm: cannot open shared object file: No such file or directory
Error opening code model "../lib/ngspice/xtraevt.cm"
Error: Library ../lib/ngspice/xtradev.cm couldn't be loaded!
: ../lib/ngspice/xtraevt.cm: cannot open shared object file: No such file or directory
Error opening code model "../lib/ngspice/xtraevt.cm"
Error: Library ../lib/ngspice/xtraevt.cm couldn't be loaded!
: ../lib/ngspice/xtraevt.cm: cannot open shared object file: No such file or directory
Error opening code model "../lib/ngspice/table.cm"
Error: Library ../lib/ngspice/xtraevt.cm couldn't be loaded!
: ../lib/ngspice/table.cm: cannot open shared object file: No such file or directory
Error opening code model "../lib/ngspice/table.cm"
Error: Library ../lib/ngspice/table.cm couldn't be loaded!
: ../lib/ngspice/table.cm: cannot open shared object file: No such file or directory
ERROR, library file /home/subhransu/share/pdk/gf180mcuD/libs.tech/ngspice/sm141064.ngspice, section definition {corner} not found
Error: Library ../lib/ngspice/table.cm couldn't be loaded!

ERROR, library file /home/subhransu/share/pdk/gf180mcuD/libs.tech/ngspice/sm141064.ngspice, section definition {corner} not found
ERROR: fatal error in ngspice, exit(1)

ERROR: fatal error in ngspice, exit(1)
Subprocess exited with error code 1
Error output generated by subprocess:
Error opening code model "../lib/ngspice/spice2poly.cm"
: ../lib/ngspice/spice2poly.cm: cannot open shared object file: No such file or directory
Error: Library ../lib/ngspice/spice2poly.cm couldn't be loaded!
Error opening code model "../lib/ngspice/analog.cm"
: ../lib/ngspice/analog.cm: cannot open shared object file: No such file or directory
Error: Library ../lib/ngspice/analog.cm couldn't be loaded!
Error opening code model "../lib/ngspice/digital.cm"
: ../lib/ngspice/digital.cm: cannot open shared object file: No such file or directory
Error: Library ../lib/ngspice/digital.cm couldn't be loaded!
Error opening code model "../lib/ngspice/xtradev.cm"
: ../lib/ngspice/xtradev.cm: cannot open shared object file: No such file or directory
Error: Library ../lib/ngspice/xtradev.cm couldn't be loaded!
Error opening code model "../lib/ngspice/xtraevt.cm"
: ../lib/ngspice/xtraevt.cm: cannot open shared object file: No such file or directory
Error: Library ../lib/ngspice/xtraevt.cm couldn't be loaded!
Error opening code model "../lib/ngspice/table.cm"
: ../lib/ngspice/table.cm: cannot open shared object file: No such file or directory
Error: Library ../lib/ngspice/table.cm couldn't be loaded!
ERROR, library file /home/subhransu/share/pdk/gf180mcuD/libs.tech/ngspice/sm141064.ngspice, section definition {corner} not found

ERROR: fatal error in ngspice, exit(1)
Done with CACE simulations and evaluations in 0:00:01.
