
Note: No compatibility mode selected!


Circuit: ** sch_path: /home/subhransu/gitrepo/gf180mcu_ocd_io-sdas/runs/run_2026-01-13_07-07-01/parameters/transient_response/run_0/io_inv_1_tran.sch

Doing analysis at TEMP = -40.000000 and TNOM = 27.000000

Using SPARSE 1.3 as Direct Linear Solver

Initial Transient Solution
--------------------------

Node                                   Voltage
----                                   -------
out                                        1.8
in                                           0
vss                                          0
vdd                                        1.8
v3#branch                                    0
v2#branch                         -1.80016e-12
v1#branch                          1.80016e-12

 Reference value :  1.10700e-08
 Reference value :  2.97500e-08
 Reference value :  4.71500e-08
No. of Data Rows : 535
Note: Simulation executed from .control section 
