Running parameters: transient_response, dc_response
Generating simulation netlist from schematic…
Could not find template file cace/templates/io_inv_1_tran.sch.
Parameter transient_response: Generating simulation files…
Parameter dc_response: Generating simulation files…
Could not find template file cace/templates/io_inv_1_tran.sch.
Subprocess exited with error code 10
Error output generated by subprocess:
Using run time directory XSCHEM_SHAREDIR = /home/subhransu/cad/eda-xschem/glnxa64/share/xschem
Sourcing /home/subhransu/cad/eda-xschem/glnxa64/share/xschem/xschemrc init file
Sourcing /home/subhransu/share/pdk/gf180mcuD/libs.tech/xschem/xschemrc init file
pdk installation: using /home/subhransu/share/pdk
180MCU_MODELS: /home/subhransu/share/pdk/gf180mcuD/libs.tech/ngspice
setup_tcp_bespice: success : listening to TCP port: 2022
-----------/home/subhransu/gitRepo/gf180mcu_ocd_io-sdas/runs/RUN_2026-01-12_09-15-25/parameters/dc_response/run_0/io_inv_1_dc.sch
Warning: open net: VDD
Warning: open net: VSS
Warning: open net: Vin
Warning: open net: #net1
Warning: open net: #net2
Error: undriven node: #net3
Warning: open net: #net4
-----------/home/subhransu/gitRepo/gf180mcu_ocd_io-sdas/runs/RUN_2026-01-12_09-15-25/parameters/dc_response/run_0/io_inv_1_dc.sch
Subprocess exited with error code 10
Error output generated by subprocess:
Using run time directory XSCHEM_SHAREDIR = /home/subhransu/cad/eda-xschem/glnxa64/share/xschem
Sourcing /home/subhransu/cad/eda-xschem/glnxa64/share/xschem/xschemrc init file
Sourcing /home/subhransu/share/pdk/gf180mcuD/libs.tech/xschem/xschemrc init file
pdk installation: using /home/subhransu/share/pdk
180MCU_MODELS: /home/subhransu/share/pdk/gf180mcuD/libs.tech/ngspice
setup_tcp_bespice: success : listening to TCP port: 2022
-----------/home/subhransu/gitRepo/gf180mcu_ocd_io-sdas/runs/RUN_2026-01-12_09-15-25/parameters/dc_response/run_1/io_inv_1_dc.sch
Warning: open net: VDD
Warning: open net: VSS
Warning: open net: Vin
Warning: open net: #net1
Warning: open net: #net2
Error: undriven node: #net3
Warning: open net: #net4
-----------/home/subhransu/gitRepo/gf180mcu_ocd_io-sdas/runs/RUN_2026-01-12_09-15-25/parameters/dc_response/run_1/io_inv_1_dc.sch
Subprocess exited with error code 10
Error output generated by subprocess:
Using run time directory XSCHEM_SHAREDIR = /home/subhransu/cad/eda-xschem/glnxa64/share/xschem
Sourcing /home/subhransu/cad/eda-xschem/glnxa64/share/xschem/xschemrc init file
Sourcing /home/subhransu/share/pdk/gf180mcuD/libs.tech/xschem/xschemrc init file
pdk installation: using /home/subhransu/share/pdk
180MCU_MODELS: /home/subhransu/share/pdk/gf180mcuD/libs.tech/ngspice
setup_tcp_bespice: success : listening to TCP port: 2022
-----------/home/subhransu/gitRepo/gf180mcu_ocd_io-sdas/runs/RUN_2026-01-12_09-15-25/parameters/dc_response/run_2/io_inv_1_dc.sch
Warning: open net: VDD
Warning: open net: VSS
Warning: open net: Vin
Warning: open net: #net1
Warning: open net: #net2
Error: undriven node: #net3
Warning: open net: #net4
-----------/home/subhransu/gitRepo/gf180mcu_ocd_io-sdas/runs/RUN_2026-01-12_09-15-25/parameters/dc_response/run_2/io_inv_1_dc.sch
Subprocess exited with error code 10
Error output generated by subprocess:
Using run time directory XSCHEM_SHAREDIR = /home/subhransu/cad/eda-xschem/glnxa64/share/xschem
Sourcing /home/subhransu/cad/eda-xschem/glnxa64/share/xschem/xschemrc init file
Sourcing /home/subhransu/share/pdk/gf180mcuD/libs.tech/xschem/xschemrc init file
pdk installation: using /home/subhransu/share/pdk
180MCU_MODELS: /home/subhransu/share/pdk/gf180mcuD/libs.tech/ngspice
setup_tcp_bespice: success : listening to TCP port: 2022
-----------/home/subhransu/gitRepo/gf180mcu_ocd_io-sdas/runs/RUN_2026-01-12_09-15-25/parameters/dc_response/run_3/io_inv_1_dc.sch
Warning: open net: VDD
Warning: open net: VSS
Warning: open net: Vin
Warning: open net: #net1
Warning: open net: #net2
Error: undriven node: #net3
Warning: open net: #net4
-----------/home/subhransu/gitRepo/gf180mcu_ocd_io-sdas/runs/RUN_2026-01-12_09-15-25/parameters/dc_response/run_3/io_inv_1_dc.sch
Subprocess exited with error code 10
Error output generated by subprocess:
Using run time directory XSCHEM_SHAREDIR = /home/subhransu/cad/eda-xschem/glnxa64/share/xschem
Sourcing /home/subhransu/cad/eda-xschem/glnxa64/share/xschem/xschemrc init file
Sourcing /home/subhransu/share/pdk/gf180mcuD/libs.tech/xschem/xschemrc init file
pdk installation: using /home/subhransu/share/pdk
180MCU_MODELS: /home/subhransu/share/pdk/gf180mcuD/libs.tech/ngspice
setup_tcp_bespice: success : listening to TCP port: 2022
-----------/home/subhransu/gitRepo/gf180mcu_ocd_io-sdas/runs/RUN_2026-01-12_09-15-25/parameters/dc_response/run_4/io_inv_1_dc.sch
Warning: open net: VDD
Warning: open net: VSS
Warning: open net: Vin
Warning: open net: #net1
Warning: open net: #net2
Error: undriven node: #net3
Warning: open net: #net4
-----------/home/subhransu/gitRepo/gf180mcu_ocd_io-sdas/runs/RUN_2026-01-12_09-15-25/parameters/dc_response/run_4/io_inv_1_dc.sch
Subprocess exited with error code 10
Error output generated by subprocess:
Using run time directory XSCHEM_SHAREDIR = /home/subhransu/cad/eda-xschem/glnxa64/share/xschem
Sourcing /home/subhransu/cad/eda-xschem/glnxa64/share/xschem/xschemrc init file
Sourcing /home/subhransu/share/pdk/gf180mcuD/libs.tech/xschem/xschemrc init file
pdk installation: using /home/subhransu/share/pdk
180MCU_MODELS: /home/subhransu/share/pdk/gf180mcuD/libs.tech/ngspice
setup_tcp_bespice: success : listening to TCP port: 2022
-----------/home/subhransu/gitRepo/gf180mcu_ocd_io-sdas/runs/RUN_2026-01-12_09-15-25/parameters/dc_response/run_5/io_inv_1_dc.sch
Warning: open net: VDD
Warning: open net: VSS
Warning: open net: Vin
Warning: open net: #net1
Warning: open net: #net2
Error: undriven node: #net3
Warning: open net: #net4
-----------/home/subhransu/gitRepo/gf180mcu_ocd_io-sdas/runs/RUN_2026-01-12_09-15-25/parameters/dc_response/run_5/io_inv_1_dc.sch
Subprocess exited with error code 10
Error output generated by subprocess:
Using run time directory XSCHEM_SHAREDIR = /home/subhransu/cad/eda-xschem/glnxa64/share/xschem
Sourcing /home/subhransu/cad/eda-xschem/glnxa64/share/xschem/xschemrc init file
Sourcing /home/subhransu/share/pdk/gf180mcuD/libs.tech/xschem/xschemrc init file
pdk installation: using /home/subhransu/share/pdk
180MCU_MODELS: /home/subhransu/share/pdk/gf180mcuD/libs.tech/ngspice
setup_tcp_bespice: success : listening to TCP port: 2022
-----------/home/subhransu/gitRepo/gf180mcu_ocd_io-sdas/runs/RUN_2026-01-12_09-15-25/parameters/dc_response/run_6/io_inv_1_dc.sch
Warning: open net: VDD
Warning: open net: VSS
Warning: open net: Vin
Warning: open net: #net1
Warning: open net: #net2
Error: undriven node: #net3
Warning: open net: #net4
-----------/home/subhransu/gitRepo/gf180mcu_ocd_io-sdas/runs/RUN_2026-01-12_09-15-25/parameters/dc_response/run_6/io_inv_1_dc.sch
Subprocess exited with error code 10
Error output generated by subprocess:
Using run time directory XSCHEM_SHAREDIR = /home/subhransu/cad/eda-xschem/glnxa64/share/xschem
Sourcing /home/subhransu/cad/eda-xschem/glnxa64/share/xschem/xschemrc init file
Sourcing /home/subhransu/share/pdk/gf180mcuD/libs.tech/xschem/xschemrc init file
pdk installation: using /home/subhransu/share/pdk
180MCU_MODELS: /home/subhransu/share/pdk/gf180mcuD/libs.tech/ngspice
setup_tcp_bespice: success : listening to TCP port: 2022
-----------/home/subhransu/gitRepo/gf180mcu_ocd_io-sdas/runs/RUN_2026-01-12_09-15-25/parameters/dc_response/run_7/io_inv_1_dc.sch
Warning: open net: VDD
Warning: open net: VSS
Warning: open net: Vin
Warning: open net: #net1
Warning: open net: #net2
Error: undriven node: #net3
Warning: open net: #net4
-----------/home/subhransu/gitRepo/gf180mcu_ocd_io-sdas/runs/RUN_2026-01-12_09-15-25/parameters/dc_response/run_7/io_inv_1_dc.sch
Subprocess exited with error code 10
Error output generated by subprocess:
Using run time directory XSCHEM_SHAREDIR = /home/subhransu/cad/eda-xschem/glnxa64/share/xschem
Sourcing /home/subhransu/cad/eda-xschem/glnxa64/share/xschem/xschemrc init file
Sourcing /home/subhransu/share/pdk/gf180mcuD/libs.tech/xschem/xschemrc init file
pdk installation: using /home/subhransu/share/pdk
180MCU_MODELS: /home/subhransu/share/pdk/gf180mcuD/libs.tech/ngspice
setup_tcp_bespice: success : listening to TCP port: 2022
-----------/home/subhransu/gitRepo/gf180mcu_ocd_io-sdas/runs/RUN_2026-01-12_09-15-25/parameters/dc_response/run_8/io_inv_1_dc.sch
Warning: open net: VDD
Warning: open net: VSS
Warning: open net: Vin
Warning: open net: #net1
Warning: open net: #net2
Error: undriven node: #net3
Warning: open net: #net4
-----------/home/subhransu/gitRepo/gf180mcu_ocd_io-sdas/runs/RUN_2026-01-12_09-15-25/parameters/dc_response/run_8/io_inv_1_dc.sch
Parameter dc_response: Running simulations…
Parameter dc_response: Collecting results…
No such result file /home/subhransu/gitRepo/gf180mcu_ocd_io-sdas/runs/RUN_2026-01-12_09-15-25/parameters/dc_response/run_0/io_inv_1_dc_0.data.
Done with CACE simulations and evaluations in 0:00:02.
