Running parameters: dc_response
Generating simulation netlist from schematic…
Parameter dc_response: Generating simulation files…
Parameter dc_response: Running simulations…
Subprocess exited with error code 1
Error output generated by subprocess:
Error opening code model "../lib/ngspice/spice2poly.cm"
: ../lib/ngspice/spice2poly.cm: cannot open shared object file: No such file or directory
Subprocess exited with error code 1
Error: Library ../lib/ngspice/spice2poly.cm couldn't be loaded!
Error output generated by subprocess:
Error opening code model "../lib/ngspice/analog.cm"
Error opening code model "../lib/ngspice/spice2poly.cm"
: ../lib/ngspice/analog.cm: cannot open shared object file: No such file or directory
: ../lib/ngspice/spice2poly.cm: cannot open shared object file: No such file or directory
Error: Library ../lib/ngspice/analog.cm couldn't be loaded!
Error: Library ../lib/ngspice/spice2poly.cm couldn't be loaded!
Error opening code model "../lib/ngspice/digital.cm"
Error opening code model "../lib/ngspice/analog.cm"
: ../lib/ngspice/digital.cm: cannot open shared object file: No such file or directory
: ../lib/ngspice/analog.cm: cannot open shared object file: No such file or directory
Error: Library ../lib/ngspice/digital.cm couldn't be loaded!
Error: Library ../lib/ngspice/analog.cm couldn't be loaded!
Error opening code model "../lib/ngspice/xtradev.cm"
Error opening code model "../lib/ngspice/digital.cm"
: ../lib/ngspice/xtradev.cm: cannot open shared object file: No such file or directory
: ../lib/ngspice/digital.cm: cannot open shared object file: No such file or directory
Error: Library ../lib/ngspice/xtradev.cm couldn't be loaded!
Error: Library ../lib/ngspice/digital.cm couldn't be loaded!
Error opening code model "../lib/ngspice/xtraevt.cm"
Error opening code model "../lib/ngspice/xtradev.cm"
: ../lib/ngspice/xtraevt.cm: cannot open shared object file: No such file or directory
: ../lib/ngspice/xtradev.cm: cannot open shared object file: No such file or directory
Error: Library ../lib/ngspice/xtraevt.cm couldn't be loaded!
Error: Library ../lib/ngspice/xtradev.cm couldn't be loaded!
Error opening code model "../lib/ngspice/table.cm"
Error opening code model "../lib/ngspice/xtraevt.cm"
: ../lib/ngspice/table.cm: cannot open shared object file: No such file or directory
: ../lib/ngspice/xtraevt.cm: cannot open shared object file: No such file or directory
Error: Library ../lib/ngspice/table.cm couldn't be loaded!
Error: Library ../lib/ngspice/xtraevt.cm couldn't be loaded!
Error: Could not find include file {PDK_ROOT}/{PDK}/libs.tech/ngspice/design.ngspice
Error opening code model "../lib/ngspice/table.cm"
    While reading io_inv_1_dc.spice
: ../lib/ngspice/table.cm: cannot open shared object file: No such file or directory

Error: Library ../lib/ngspice/table.cm couldn't be loaded!
ERROR: fatal error in ngspice, exit(1)
Error: Could not find include file {PDK_ROOT}/{PDK}/libs.tech/ngspice/design.ngspice
    While reading io_inv_1_dc.spice

ERROR: fatal error in ngspice, exit(1)
Subprocess exited with error code 1
Error output generated by subprocess:
Error opening code model "../lib/ngspice/spice2poly.cm"
: ../lib/ngspice/spice2poly.cm: cannot open shared object file: No such file or directory
Error: Library ../lib/ngspice/spice2poly.cm couldn't be loaded!
Error opening code model "../lib/ngspice/analog.cm"
: ../lib/ngspice/analog.cm: cannot open shared object file: No such file or directory
Error: Library ../lib/ngspice/analog.cm couldn't be loaded!
Error opening code model "../lib/ngspice/digital.cm"
: ../lib/ngspice/digital.cm: cannot open shared object file: No such file or directory
Error: Library ../lib/ngspice/digital.cm couldn't be loaded!
Error opening code model "../lib/ngspice/xtradev.cm"
: ../lib/ngspice/xtradev.cm: cannot open shared object file: No such file or directory
Error: Library ../lib/ngspice/xtradev.cm couldn't be loaded!
Error opening code model "../lib/ngspice/xtraevt.cm"
: ../lib/ngspice/xtraevt.cm: cannot open shared object file: No such file or directory
Error: Library ../lib/ngspice/xtraevt.cm couldn't be loaded!
Error opening code model "../lib/ngspice/table.cm"
: ../lib/ngspice/table.cm: cannot open shared object file: No such file or directory
Error: Library ../lib/ngspice/table.cm couldn't be loaded!
Error: Could not find include file {PDK_ROOT}/{PDK}/libs.tech/ngspice/design.ngspice
    While reading io_inv_1_dc.spice

ERROR: fatal error in ngspice, exit(1)
Done with CACE simulations and evaluations in 0:00:01.
