Subprocess exited with error code 1
Error output generated by subprocess:
Error opening code model "../lib/ngspice/spice2poly.cm"
: ../lib/ngspice/spice2poly.cm: cannot open shared object file: No such file or directory
Subprocess exited with error code 1
Error: Library ../lib/ngspice/spice2poly.cm couldn't be loaded!
Error output generated by subprocess:
Error opening code model "../lib/ngspice/analog.cm"
Error opening code model "../lib/ngspice/spice2poly.cm"
: ../lib/ngspice/analog.cm: cannot open shared object file: No such file or directory
: ../lib/ngspice/spice2poly.cm: cannot open shared object file: No such file or directory
Error: Library ../lib/ngspice/analog.cm couldn't be loaded!
Error: Library ../lib/ngspice/spice2poly.cm couldn't be loaded!
Error opening code model "../lib/ngspice/digital.cm"
Error opening code model "../lib/ngspice/analog.cm"
: ../lib/ngspice/digital.cm: cannot open shared object file: No such file or directory
Error: Library ../lib/ngspice/digital.cm couldn't be loaded!
: ../lib/ngspice/analog.cm: cannot open shared object file: No such file or directory
Error opening code model "../lib/ngspice/xtradev.cm"
Error: Library ../lib/ngspice/analog.cm couldn't be loaded!
: ../lib/ngspice/xtradev.cm: cannot open shared object file: No such file or directory
Error opening code model "../lib/ngspice/digital.cm"
Error: Library ../lib/ngspice/xtradev.cm couldn't be loaded!
: ../lib/ngspice/digital.cm: cannot open shared object file: No such file or directory
Error opening code model "../lib/ngspice/xtraevt.cm"
Error: Library ../lib/ngspice/digital.cm couldn't be loaded!
: ../lib/ngspice/xtraevt.cm: cannot open shared object file: No such file or directory
Error opening code model "../lib/ngspice/xtradev.cm"
Error: Library ../lib/ngspice/xtraevt.cm couldn't be loaded!
: ../lib/ngspice/xtradev.cm: cannot open shared object file: No such file or directory
Error opening code model "../lib/ngspice/table.cm"
Error: Library ../lib/ngspice/xtradev.cm couldn't be loaded!
: ../lib/ngspice/table.cm: cannot open shared object file: No such file or directory
Error opening code model "../lib/ngspice/xtraevt.cm"
Error: Library ../lib/ngspice/table.cm couldn't be loaded!
: ../lib/ngspice/xtraevt.cm: cannot open shared object file: No such file or directory
Error: unknown subckt: x1.xm2 vout vin vss vss x1.nfet_03v3 x1.l=0.28u x1.w=0.6u x1.nf=1 x1.ad={int x1.nf+1 x1./2 x1.*w/nf*0.18u} x1.as={int x1.nf+2 x1./2 x1.*w/nf*0.18u} x1.pd={2*int nf+1)/2)*(w/nf+0.18u)} ps={2*int((nf+2)/2)*(w/nf+0.18u)} nrd={0.18u/w} nrs={0.18u/w} sa=0 sb=0 sd=0 m=1
Error: Library ../lib/ngspice/xtraevt.cm couldn't be loaded!
    in line no. 4 from file /home/subhransu/gitRepo/gf180mcu_ocd_io-sdas/netlist/schematic/io_inv_1.spice
Error opening code model "../lib/ngspice/table.cm"
    Simulation interrupted due to error!
: ../lib/ngspice/table.cm: cannot open shared object file: No such file or directory

Error: Library ../lib/ngspice/table.cm couldn't be loaded!
Note: No ".plot", ".print", or ".fourier" lines; no simulations run
Error: unknown subckt: x1.xm2 vout vin vss vss x1.nfet_03v3 x1.l=0.28u x1.w=0.6u x1.nf=1 x1.ad={int x1.nf+1 x1./2 x1.*w/nf*0.18u} x1.as={int x1.nf+2 x1./2 x1.*w/nf*0.18u} x1.pd={2*int nf+1)/2)*(w/nf+0.18u)} ps={2*int((nf+2)/2)*(w/nf+0.18u)} nrd={0.18u/w} nrs={0.18u/w} sa=0 sb=0 sd=0 m=1
    in line no. 4 from file /home/subhransu/gitRepo/gf180mcu_ocd_io-sdas/netlist/schematic/io_inv_1.spice
    Simulation interrupted due to error!

Note: No ".plot", ".print", or ".fourier" lines; no simulations run
Subprocess exited with error code 1
Error output generated by subprocess:
Error opening code model "../lib/ngspice/spice2poly.cm"
: ../lib/ngspice/spice2poly.cm: cannot open shared object file: No such file or directory
Error: Library ../lib/ngspice/spice2poly.cm couldn't be loaded!
Error opening code model "../lib/ngspice/analog.cm"
: ../lib/ngspice/analog.cm: cannot open shared object file: No such file or directory
Error: Library ../lib/ngspice/analog.cm couldn't be loaded!
Error opening code model "../lib/ngspice/digital.cm"
: ../lib/ngspice/digital.cm: cannot open shared object file: No such file or directory
Error: Library ../lib/ngspice/digital.cm couldn't be loaded!
Error opening code model "../lib/ngspice/xtradev.cm"
: ../lib/ngspice/xtradev.cm: cannot open shared object file: No such file or directory
Error: Library ../lib/ngspice/xtradev.cm couldn't be loaded!
Error opening code model "../lib/ngspice/xtraevt.cm"
: ../lib/ngspice/xtraevt.cm: cannot open shared object file: No such file or directory
Error: Library ../lib/ngspice/xtraevt.cm couldn't be loaded!
Error opening code model "../lib/ngspice/table.cm"
: ../lib/ngspice/table.cm: cannot open shared object file: No such file or directory
Error: Library ../lib/ngspice/table.cm couldn't be loaded!
Error: unknown subckt: x1.xm2 vout vin vss vss x1.nfet_03v3 x1.l=0.28u x1.w=0.6u x1.nf=1 x1.ad={int x1.nf+1 x1./2 x1.*w/nf*0.18u} x1.as={int x1.nf+2 x1./2 x1.*w/nf*0.18u} x1.pd={2*int nf+1)/2)*(w/nf+0.18u)} ps={2*int((nf+2)/2)*(w/nf+0.18u)} nrd={0.18u/w} nrs={0.18u/w} sa=0 sb=0 sd=0 m=1
    in line no. 4 from file /home/subhransu/gitRepo/gf180mcu_ocd_io-sdas/netlist/schematic/io_inv_1.spice
    Simulation interrupted due to error!

Note: No ".plot", ".print", or ".fourier" lines; no simulations run
